<?xml version="1.0" encoding="utf-8"?>
<!DOCTYPE coverage SYSTEM "http://cobertura.sourceforge.net/xml/coverage-04.dtd">
<coverage line-rate="0.9418416801292407" branch-rate="0.8362068965517241" lines-covered="583" lines-valid="619" branches-covered="97" branches-valid="116" complexity="206" version="0" timestamp="1606760181">
  <sources>
    <source>C:\Users\User\</source>
  </sources>
  <packages>
    <package name="Domari" line-rate="0.9530201342281879" branch-rate="0.8362068965517241" complexity="161">
      <classes>
        <class name="Domari.Korisnik" filename="C:\Users\User\source\repos\VVS-ZAD2\Domari\Domari\Korisnik.cs" line-rate="0.7333333333333333" branch-rate="0.3125" complexity="19">
          <methods>
            <method name="get_Username" signature="()" line-rate="0" branch-rate="1" complexity="1">
              <lines>
                <line number="20" hits="0" branch="false" />
              </lines>
            </method>
            <method name="set_Username" signature="(...)" line-rate="0.8" branch-rate="0.5" complexity="2">
              <lines>
                <line number="22" hits="4" branch="false" />
                <line number="23" hits="4" branch="true" condition-coverage="50% (1/2)" />
                <line number="24" hits="0" branch="false" />
                <line number="26" hits="4" branch="false" />
                <line number="27" hits="4" branch="false" />
              </lines>
            </method>
            <method name="set_Password" signature="(...)" line-rate="0.8571428571428571" branch-rate="0.5" complexity="6">
              <lines>
                <line number="33" hits="4" branch="false" />
                <line number="34" hits="4" branch="true" condition-coverage="50% (3/6)" />
                <line number="35" hits="4" branch="false" />
                <line number="36" hits="4" branch="false" />
                <line number="37" hits="0" branch="false" />
                <line number="39" hits="4" branch="false" />
                <line number="40" hits="4" branch="false" />
              </lines>
            </method>
            <method name="PromjenaPassworda" signature="(...)" line-rate="0.4444444444444444" branch-rate="0.125" complexity="8">
              <lines>
                <line number="70" hits="2" branch="false" />
                <line number="71" hits="2" branch="true" condition-coverage="50% (1/2)" />
                <line number="72" hits="0" branch="false" />
                <line number="73" hits="0" branch="true" condition-coverage="0% (0/6)" />
                <line number="74" hits="0" branch="false" />
                <line number="75" hits="0" branch="false" />
                <line number="76" hits="0" branch="false" />
                <line number="77" hits="2" branch="false" />
                <line number="78" hits="2" branch="false" />
              </lines>
            </method>
            <method name=".ctor" signature="(...)" line-rate="1" branch-rate="1" complexity="1">
              <lines>
                <line number="46" hits="2" branch="false" />
                <line number="47" hits="2" branch="false" />
                <line number="48" hits="2" branch="false" />
                <line number="49" hits="2" branch="false" />
                <line number="50" hits="2" branch="false" />
              </lines>
            </method>
            <method name=".ctor" signature="()" line-rate="1" branch-rate="1" complexity="1">
              <lines>
                <line number="52" hits="42" branch="false" />
                <line number="53" hits="42" branch="false" />
                <line number="55" hits="42" branch="false" />
              </lines>
            </method>
          </methods>
          <lines>
            <line number="20" hits="0" branch="false" />
            <line number="22" hits="4" branch="false" />
            <line number="23" hits="4" branch="true" condition-coverage="50% (1/2)" />
            <line number="24" hits="0" branch="false" />
            <line number="26" hits="4" branch="false" />
            <line number="27" hits="4" branch="false" />
            <line number="33" hits="4" branch="false" />
            <line number="34" hits="4" branch="true" condition-coverage="50% (3/6)" />
            <line number="35" hits="4" branch="false" />
            <line number="36" hits="4" branch="false" />
            <line number="37" hits="0" branch="false" />
            <line number="39" hits="4" branch="false" />
            <line number="40" hits="4" branch="false" />
            <line number="46" hits="2" branch="false" />
            <line number="47" hits="2" branch="false" />
            <line number="48" hits="2" branch="false" />
            <line number="49" hits="2" branch="false" />
            <line number="50" hits="2" branch="false" />
            <line number="52" hits="42" branch="false" />
            <line number="53" hits="42" branch="false" />
            <line number="55" hits="42" branch="false" />
            <line number="70" hits="2" branch="false" />
            <line number="71" hits="2" branch="true" condition-coverage="50% (1/2)" />
            <line number="72" hits="0" branch="false" />
            <line number="73" hits="0" branch="true" condition-coverage="0% (0/6)" />
            <line number="74" hits="0" branch="false" />
            <line number="75" hits="0" branch="false" />
            <line number="76" hits="0" branch="false" />
            <line number="77" hits="2" branch="false" />
            <line number="78" hits="2" branch="false" />
          </lines>
        </class>
        <class name="Domari.LicniPodaci" filename="C:\Users\User\source\repos\VVS-ZAD2\Domari\Domari\LicniPodaci.cs" line-rate="1" branch-rate="0.9166666666666666" complexity="36">
          <methods>
            <method name="get_Ime" signature="()" line-rate="1" branch-rate="1" complexity="1">
              <lines>
                <line number="28" hits="2" branch="false" />
              </lines>
            </method>
            <method name="set_Ime" signature="(...)" line-rate="1" branch-rate="0.8333333333333334" complexity="6">
              <lines>
                <line number="30" hits="9" branch="false" />
                <line number="31" hits="9" branch="true" condition-coverage="83% (5/6)" />
                <line number="32" hits="9" branch="false" />
                <line number="33" hits="9" branch="false" />
                <line number="34" hits="1" branch="false" />
                <line number="36" hits="8" branch="false" />
                <line number="37" hits="8" branch="false" />
              </lines>
            </method>
            <method name="get_Prezime" signature="()" line-rate="1" branch-rate="1" complexity="1">
              <lines>
                <line number="42" hits="1" branch="false" />
              </lines>
            </method>
            <method name="set_Prezime" signature="(...)" line-rate="1" branch-rate="0.8333333333333334" complexity="6">
              <lines>
                <line number="44" hits="8" branch="false" />
                <line number="45" hits="8" branch="true" condition-coverage="83% (5/6)" />
                <line number="46" hits="8" branch="false" />
                <line number="47" hits="8" branch="false" />
                <line number="48" hits="1" branch="false" />
                <line number="50" hits="7" branch="false" />
                <line number="51" hits="7" branch="false" />
              </lines>
            </method>
            <method name="get_MjestoRodjenja" signature="()" line-rate="1" branch-rate="1" complexity="1">
              <lines>
                <line number="56" hits="1" branch="false" />
              </lines>
            </method>
            <method name="set_MjestoRodjenja" signature="(...)" line-rate="1" branch-rate="1" complexity="2">
              <lines>
                <line number="58" hits="7" branch="false" />
                <line number="59" hits="7" branch="true" condition-coverage="100% (2/2)" />
                <line number="60" hits="1" branch="false" />
                <line number="62" hits="6" branch="false" />
                <line number="63" hits="6" branch="false" />
              </lines>
            </method>
            <method name="get_Email" signature="()" line-rate="1" branch-rate="1" complexity="1">
              <lines>
                <line number="68" hits="1" branch="false" />
              </lines>
            </method>
            <method name="set_Email" signature="(...)" line-rate="1" branch-rate="1" complexity="2">
              <lines>
                <line number="70" hits="6" branch="false" />
                <line number="71" hits="6" branch="true" condition-coverage="100% (2/2)" />
                <line number="72" hits="1" branch="false" />
                <line number="74" hits="5" branch="false" />
                <line number="75" hits="5" branch="false" />
              </lines>
            </method>
            <method name="get_Slika" signature="()" line-rate="1" branch-rate="1" complexity="1">
              <lines>
                <line number="80" hits="1" branch="false" />
              </lines>
            </method>
            <method name="set_Slika" signature="(...)" line-rate="1" branch-rate="1" complexity="1">
              <lines>
                <line number="81" hits="5" branch="false" />
              </lines>
            </method>
            <method name="get_JMBG" signature="()" line-rate="1" branch-rate="1" complexity="1">
              <lines>
                <line number="86" hits="1" branch="false" />
              </lines>
            </method>
            <method name="set_JMBG" signature="(...)" line-rate="1" branch-rate="1" complexity="6">
              <lines>
                <line number="88" hits="5" branch="false" />
                <line number="89" hits="5" branch="true" condition-coverage="100% (6/6)" />
                <line number="90" hits="5" branch="false" />
                <line number="91" hits="5" branch="false" />
                <line number="92" hits="1" branch="false" />
                <line number="94" hits="4" branch="false" />
                <line number="95" hits="4" branch="false" />
              </lines>
            </method>
            <method name="get_Spol" signature="()" line-rate="1" branch-rate="1" complexity="1">
              <lines>
                <line number="100" hits="2" branch="false" />
              </lines>
            </method>
            <method name="set_Spol" signature="(...)" line-rate="1" branch-rate="1" complexity="1">
              <lines>
                <line number="101" hits="4" branch="false" />
              </lines>
            </method>
            <method name="get_DatumRodjenja" signature="()" line-rate="1" branch-rate="1" complexity="1">
              <lines>
                <line number="106" hits="1" branch="false" />
              </lines>
            </method>
            <method name="set_DatumRodjenja" signature="(...)" line-rate="1" branch-rate="1" complexity="2">
              <lines>
                <line number="108" hits="4" branch="false" />
                <line number="109" hits="4" branch="true" condition-coverage="100% (2/2)" />
                <line number="110" hits="1" branch="false" />
                <line number="112" hits="3" branch="false" />
                <line number="113" hits="3" branch="false" />
              </lines>
            </method>
            <method name=".ctor" signature="(...)" line-rate="1" branch-rate="1" complexity="1">
              <lines>
                <line number="120" hits="9" branch="false" />
                <line number="121" hits="9" branch="false" />
                <line number="122" hits="9" branch="false" />
                <line number="123" hits="8" branch="false" />
                <line number="124" hits="7" branch="false" />
                <line number="125" hits="6" branch="false" />
                <line number="126" hits="5" branch="false" />
                <line number="127" hits="5" branch="false" />
                <line number="128" hits="4" branch="false" />
                <line number="129" hits="4" branch="false" />
                <line number="130" hits="3" branch="false" />
              </lines>
            </method>
            <method name=".ctor" signature="()" line-rate="1" branch-rate="1" complexity="1">
              <lines>
                <line number="132" hits="1" branch="false" />
                <line number="133" hits="1" branch="false" />
                <line number="135" hits="1" branch="false" />
              </lines>
            </method>
          </methods>
          <lines>
            <line number="28" hits="2" branch="false" />
            <line number="30" hits="9" branch="false" />
            <line number="31" hits="9" branch="true" condition-coverage="83% (5/6)" />
            <line number="32" hits="9" branch="false" />
            <line number="33" hits="9" branch="false" />
            <line number="34" hits="1" branch="false" />
            <line number="36" hits="8" branch="false" />
            <line number="37" hits="8" branch="false" />
            <line number="42" hits="1" branch="false" />
            <line number="44" hits="8" branch="false" />
            <line number="45" hits="8" branch="true" condition-coverage="83% (5/6)" />
            <line number="46" hits="8" branch="false" />
            <line number="47" hits="8" branch="false" />
            <line number="48" hits="1" branch="false" />
            <line number="50" hits="7" branch="false" />
            <line number="51" hits="7" branch="false" />
            <line number="56" hits="1" branch="false" />
            <line number="58" hits="7" branch="false" />
            <line number="59" hits="7" branch="true" condition-coverage="100% (2/2)" />
            <line number="60" hits="1" branch="false" />
            <line number="62" hits="6" branch="false" />
            <line number="63" hits="6" branch="false" />
            <line number="68" hits="1" branch="false" />
            <line number="70" hits="6" branch="false" />
            <line number="71" hits="6" branch="true" condition-coverage="100% (2/2)" />
            <line number="72" hits="1" branch="false" />
            <line number="74" hits="5" branch="false" />
            <line number="75" hits="5" branch="false" />
            <line number="80" hits="1" branch="false" />
            <line number="81" hits="5" branch="false" />
            <line number="86" hits="1" branch="false" />
            <line number="88" hits="5" branch="false" />
            <line number="89" hits="5" branch="true" condition-coverage="100% (6/6)" />
            <line number="90" hits="5" branch="false" />
            <line number="91" hits="5" branch="false" />
            <line number="92" hits="1" branch="false" />
            <line number="94" hits="4" branch="false" />
            <line number="95" hits="4" branch="false" />
            <line number="100" hits="2" branch="false" />
            <line number="101" hits="4" branch="false" />
            <line number="106" hits="1" branch="false" />
            <line number="108" hits="4" branch="false" />
            <line number="109" hits="4" branch="true" condition-coverage="100% (2/2)" />
            <line number="110" hits="1" branch="false" />
            <line number="112" hits="3" branch="false" />
            <line number="113" hits="3" branch="false" />
            <line number="120" hits="9" branch="false" />
            <line number="121" hits="9" branch="false" />
            <line number="122" hits="9" branch="false" />
            <line number="123" hits="8" branch="false" />
            <line number="124" hits="7" branch="false" />
            <line number="125" hits="6" branch="false" />
            <line number="126" hits="5" branch="false" />
            <line number="127" hits="5" branch="false" />
            <line number="128" hits="4" branch="false" />
            <line number="129" hits="4" branch="false" />
            <line number="130" hits="3" branch="false" />
            <line number="132" hits="1" branch="false" />
            <line number="133" hits="1" branch="false" />
            <line number="135" hits="1" branch="false" />
          </lines>
        </class>
        <class name="Domari.Paviljon" filename="C:\Users\User\source\repos\VVS-ZAD2\Domari\Domari\Paviljon.cs" line-rate="0" branch-rate="1" complexity="1">
          <methods>
            <method name="DajImePaviljona" signature="()" line-rate="0" branch-rate="1" complexity="1">
              <lines>
                <line number="14" hits="0" branch="false" />
                <line number="15" hits="0" branch="false" />
              </lines>
            </method>
          </methods>
          <lines>
            <line number="14" hits="0" branch="false" />
            <line number="15" hits="0" branch="false" />
          </lines>
        </class>
        <class name="Domari.Skolovanje" filename="C:\Users\User\source\repos\VVS-ZAD2\Domari\Domari\Skolovanje.cs" line-rate="1" branch-rate="1" complexity="13">
          <methods>
            <method name="get_MaticniFakultet" signature="()" line-rate="1" branch-rate="1" complexity="1">
              <lines>
                <line number="20" hits="7" branch="false" />
              </lines>
            </method>
            <method name="set_MaticniFakultet" signature="(...)" line-rate="1" branch-rate="1" complexity="1">
              <lines>
                <line number="21" hits="2" branch="false" />
              </lines>
            </method>
            <method name="get_BrojIndeksa" signature="()" line-rate="1" branch-rate="1" complexity="1">
              <lines>
                <line number="25" hits="1" branch="false" />
              </lines>
            </method>
            <method name="set_BrojIndeksa" signature="(...)" line-rate="1" branch-rate="1" complexity="1">
              <lines>
                <line number="26" hits="1" branch="false" />
              </lines>
            </method>
            <method name="get_GodinaStudija" signature="()" line-rate="1" branch-rate="1" complexity="1">
              <lines>
                <line number="30" hits="2" branch="false" />
              </lines>
            </method>
            <method name="set_GodinaStudija" signature="(...)" line-rate="1" branch-rate="1" complexity="1">
              <lines>
                <line number="31" hits="13" branch="false" />
              </lines>
            </method>
            <method name="get_CiklusStudija" signature="()" line-rate="1" branch-rate="1" complexity="1">
              <lines>
                <line number="35" hits="3" branch="false" />
              </lines>
            </method>
            <method name="set_CiklusStudija" signature="(...)" line-rate="1" branch-rate="1" complexity="1">
              <lines>
                <line number="36" hits="12" branch="false" />
              </lines>
            </method>
            <method name="PromjenaGodineStudija" signature="(...)" line-rate="1" branch-rate="1" complexity="4">
              <lines>
                <line number="56" hits="3" branch="false" />
                <line number="58" hits="4" branch="true" condition-coverage="100% (2/2)" />
                <line number="59" hits="3" branch="true" condition-coverage="100% (2/2)" />
                <line number="60" hits="1" branch="false" />
                <line number="61" hits="2" branch="false" />
              </lines>
            </method>
            <method name=".ctor" signature="()" line-rate="1" branch-rate="1" complexity="1">
              <lines>
                <line number="43" hits="10" branch="false" />
                <line number="44" hits="10" branch="false" />
                <line number="45" hits="10" branch="false" />
                <line number="46" hits="10" branch="false" />
                <line number="47" hits="10" branch="false" />
                <line number="48" hits="10" branch="false" />
                <line number="49" hits="10" branch="false" />
              </lines>
            </method>
          </methods>
          <lines>
            <line number="20" hits="7" branch="false" />
            <line number="21" hits="2" branch="false" />
            <line number="25" hits="1" branch="false" />
            <line number="26" hits="1" branch="false" />
            <line number="30" hits="2" branch="false" />
            <line number="31" hits="13" branch="false" />
            <line number="35" hits="3" branch="false" />
            <line number="36" hits="12" branch="false" />
            <line number="43" hits="10" branch="false" />
            <line number="44" hits="10" branch="false" />
            <line number="45" hits="10" branch="false" />
            <line number="46" hits="10" branch="false" />
            <line number="47" hits="10" branch="false" />
            <line number="48" hits="10" branch="false" />
            <line number="49" hits="10" branch="false" />
            <line number="56" hits="3" branch="false" />
            <line number="58" hits="4" branch="true" condition-coverage="100% (2/2)" />
            <line number="59" hits="3" branch="true" condition-coverage="100% (2/2)" />
            <line number="60" hits="1" branch="false" />
            <line number="61" hits="2" branch="false" />
          </lines>
        </class>
        <class name="Domari.Soba" filename="C:\Users\User\source\repos\VVS-ZAD2\Domari\Domari\Soba.cs" line-rate="0.9818181818181818" branch-rate="0.8181818181818182" complexity="29">
          <methods>
            <method name="get_BrojSobe" signature="()" line-rate="1" branch-rate="1" complexity="1">
              <lines>
                <line number="20" hits="1" branch="false" />
              </lines>
            </method>
            <method name="get_Kapacitet" signature="()" line-rate="1" branch-rate="1" complexity="1">
              <lines>
                <line number="25" hits="32" branch="false" />
              </lines>
            </method>
            <method name="set_Kapacitet" signature="(...)" line-rate="1" branch-rate="1" complexity="1">
              <lines>
                <line number="26" hits="2" branch="false" />
              </lines>
            </method>
            <method name="get_Stanari" signature="()" line-rate="1" branch-rate="1" complexity="1">
              <lines>
                <line number="31" hits="76" branch="false" />
              </lines>
            </method>
            <method name="DodajStanara" signature="(...)" line-rate="1" branch-rate="1" complexity="2">
              <lines>
                <line number="50" hits="9" branch="false" />
                <line number="51" hits="9" branch="true" condition-coverage="100% (2/2)" />
                <line number="52" hits="1" branch="false" />
                <line number="54" hits="8" branch="false" />
                <line number="55" hits="8" branch="false" />
              </lines>
            </method>
            <method name="IsprazniSobu" signature="()" line-rate="1" branch-rate="1" complexity="1">
              <lines>
                <line number="58" hits="1" branch="false" />
                <line number="59" hits="1" branch="false" />
                <line number="60" hits="1" branch="false" />
              </lines>
            </method>
            <method name="IzbaciStudenta" signature="(...)" line-rate="0.8333333333333334" branch-rate="0.5" complexity="2">
              <lines>
                <line number="63" hits="5" branch="false" />
                <line number="64" hits="10" branch="false" />
                <line number="66" hits="5" branch="true" condition-coverage="50% (1/2)" />
                <line number="67" hits="0" branch="false" />
                <line number="69" hits="5" branch="false" />
                <line number="70" hits="5" branch="false" />
              </lines>
            </method>
            <method name="DaLiJeStanar" signature="(...)" line-rate="1" branch-rate="1" complexity="1">
              <lines>
                <line number="73" hits="7" branch="false" />
                <line number="74" hits="8" branch="false" />
                <line number="75" hits="7" branch="false" />
              </lines>
            </method>
            <method name="PromjenaBrojaSobe" signature="(...)" line-rate="1" branch-rate="0.8333333333333334" complexity="18">
              <lines>
                <line number="88" hits="4" branch="false" />
                <line number="89" hits="4" branch="true" condition-coverage="75% (3/4)" />
                <line number="90" hits="1" branch="false" />
                <line number="91" hits="1" branch="false" />
                <line number="92" hits="2" branch="true" condition-coverage="100% (2/2)" />
                <line number="93" hits="1" branch="false" />
                <line number="94" hits="1" branch="false" />
                <line number="95" hits="1" branch="false" />
                <line number="96" hits="1" branch="false" />
                <line number="97" hits="3" branch="true" condition-coverage="75% (3/4)" />
                <line number="98" hits="1" branch="false" />
                <line number="99" hits="1" branch="false" />
                <line number="100" hits="2" branch="true" condition-coverage="100% (2/2)" />
                <line number="101" hits="1" branch="false" />
                <line number="102" hits="1" branch="false" />
                <line number="103" hits="1" branch="false" />
                <line number="104" hits="1" branch="false" />
                <line number="105" hits="2" branch="true" condition-coverage="75% (3/4)" />
                <line number="106" hits="1" branch="false" />
                <line number="107" hits="1" branch="false" />
                <line number="108" hits="2" branch="true" condition-coverage="100% (2/2)" />
                <line number="109" hits="1" branch="false" />
                <line number="110" hits="1" branch="false" />
                <line number="111" hits="1" branch="false" />
                <line number="112" hits="1" branch="false" />
                <line number="114" hits="1" branch="false" />
                <line number="115" hits="1" branch="false" />
                <line number="117" hits="3" branch="false" />
              </lines>
            </method>
            <method name=".ctor" signature="(...)" line-rate="1" branch-rate="1" complexity="1">
              <lines>
                <line number="38" hits="887" branch="false" />
                <line number="39" hits="887" branch="false" />
                <line number="40" hits="887" branch="false" />
                <line number="41" hits="887" branch="false" />
                <line number="42" hits="887" branch="false" />
                <line number="43" hits="887" branch="false" />
              </lines>
            </method>
          </methods>
          <lines>
            <line number="20" hits="1" branch="false" />
            <line number="25" hits="32" branch="false" />
            <line number="26" hits="2" branch="false" />
            <line number="31" hits="76" branch="false" />
            <line number="38" hits="887" branch="false" />
            <line number="39" hits="887" branch="false" />
            <line number="40" hits="887" branch="false" />
            <line number="41" hits="887" branch="false" />
            <line number="42" hits="887" branch="false" />
            <line number="43" hits="887" branch="false" />
            <line number="50" hits="9" branch="false" />
            <line number="51" hits="9" branch="true" condition-coverage="100% (2/2)" />
            <line number="52" hits="1" branch="false" />
            <line number="54" hits="8" branch="false" />
            <line number="55" hits="8" branch="false" />
            <line number="58" hits="1" branch="false" />
            <line number="59" hits="1" branch="false" />
            <line number="60" hits="1" branch="false" />
            <line number="63" hits="5" branch="false" />
            <line number="64" hits="10" branch="false" />
            <line number="66" hits="5" branch="true" condition-coverage="50% (1/2)" />
            <line number="67" hits="0" branch="false" />
            <line number="69" hits="5" branch="false" />
            <line number="70" hits="5" branch="false" />
            <line number="73" hits="7" branch="false" />
            <line number="74" hits="8" branch="false" />
            <line number="75" hits="7" branch="false" />
            <line number="88" hits="4" branch="false" />
            <line number="89" hits="4" branch="true" condition-coverage="75% (3/4)" />
            <line number="90" hits="1" branch="false" />
            <line number="91" hits="1" branch="false" />
            <line number="92" hits="2" branch="true" condition-coverage="100% (2/2)" />
            <line number="93" hits="1" branch="false" />
            <line number="94" hits="1" branch="false" />
            <line number="95" hits="1" branch="false" />
            <line number="96" hits="1" branch="false" />
            <line number="97" hits="3" branch="true" condition-coverage="75% (3/4)" />
            <line number="98" hits="1" branch="false" />
            <line number="99" hits="1" branch="false" />
            <line number="100" hits="2" branch="true" condition-coverage="100% (2/2)" />
            <line number="101" hits="1" branch="false" />
            <line number="102" hits="1" branch="false" />
            <line number="103" hits="1" branch="false" />
            <line number="104" hits="1" branch="false" />
            <line number="105" hits="2" branch="true" condition-coverage="75% (3/4)" />
            <line number="106" hits="1" branch="false" />
            <line number="107" hits="1" branch="false" />
            <line number="108" hits="2" branch="true" condition-coverage="100% (2/2)" />
            <line number="109" hits="1" branch="false" />
            <line number="110" hits="1" branch="false" />
            <line number="111" hits="1" branch="false" />
            <line number="112" hits="1" branch="false" />
            <line number="114" hits="1" branch="false" />
            <line number="115" hits="1" branch="false" />
            <line number="117" hits="3" branch="false" />
          </lines>
        </class>
        <class name="Domari.Student" filename="C:\Users\User\source\repos\VVS-ZAD2\Domari\Domari\Student.cs" line-rate="0.975609756097561" branch-rate="0.8333333333333334" complexity="16">
          <methods>
            <method name="get_IdentifikacioniBroj" signature="()" line-rate="1" branch-rate="1" complexity="1">
              <lines>
                <line number="24" hits="18" branch="false" />
              </lines>
            </method>
            <method name="get_Podaci" signature="()" line-rate="1" branch-rate="1" complexity="1">
              <lines>
                <line number="28" hits="1" branch="false" />
              </lines>
            </method>
            <method name="set_Podaci" signature="(...)" line-rate="1" branch-rate="1" complexity="1">
              <lines>
                <line number="29" hits="2" branch="false" />
              </lines>
            </method>
            <method name="get_Prebivaliste" signature="()" line-rate="1" branch-rate="1" complexity="1">
              <lines>
                <line number="33" hits="1" branch="false" />
              </lines>
            </method>
            <method name="set_Prebivaliste" signature="(...)" line-rate="1" branch-rate="1" complexity="1">
              <lines>
                <line number="34" hits="2" branch="false" />
              </lines>
            </method>
            <method name="get_Skolovanje" signature="()" line-rate="1" branch-rate="1" complexity="1">
              <lines>
                <line number="38" hits="8" branch="false" />
              </lines>
            </method>
            <method name="set_Skolovanje" signature="(...)" line-rate="1" branch-rate="1" complexity="1">
              <lines>
                <line number="39" hits="6" branch="false" />
              </lines>
            </method>
            <method name="get_StanjeRacuna" signature="()" line-rate="1" branch-rate="1" complexity="1">
              <lines>
                <line number="43" hits="3" branch="false" />
              </lines>
            </method>
            <method name="AzurirajStanjeRacuna" signature="(...)" line-rate="1" branch-rate="1" complexity="1">
              <lines>
                <line number="77" hits="1" branch="false" />
                <line number="78" hits="1" branch="false" />
                <line number="79" hits="1" branch="false" />
              </lines>
            </method>
            <method name="PromjenaInformacijaOSkolovanju" signature="(...)" line-rate="1" branch-rate="1" complexity="4">
              <lines>
                <line number="89" hits="3" branch="false" />
                <line number="90" hits="5" branch="true" condition-coverage="100% (2/2)" />
                <line number="91" hits="2" branch="true" condition-coverage="100% (2/2)" />
                <line number="92" hits="1" branch="false" />
                <line number="93" hits="1" branch="false" />
                <line number="94" hits="1" branch="false" />
                <line number="95" hits="1" branch="false" />
                <line number="96" hits="1" branch="false" />
                <line number="97" hits="3" branch="false" />
                <line number="98" hits="1" branch="false" />
                <line number="99" hits="1" branch="false" />
                <line number="100" hits="1" branch="false" />
                <line number="101" hits="1" branch="false" />
                <line number="102" hits="1" branch="false" />
                <line number="103" hits="1" branch="false" />
                <line number="104" hits="3" branch="false" />
              </lines>
            </method>
            <method name=".ctor" signature="(...)" line-rate="0.9090909090909091" branch-rate="0.5" complexity="2">
              <lines>
                <line number="51" hits="2" branch="false" />
                <line number="52" hits="2" branch="false" />
                <line number="53" hits="2" branch="false" />
                <line number="54" hits="2" branch="false" />
                <line number="56" hits="2" branch="true" condition-coverage="50% (1/2)" />
                <line number="57" hits="0" branch="false" />
                <line number="59" hits="2" branch="false" />
                <line number="61" hits="2" branch="false" />
                <line number="62" hits="2" branch="false" />
                <line number="64" hits="2" branch="false" />
                <line number="65" hits="2" branch="false" />
              </lines>
            </method>
            <method name=".ctor" signature="()" line-rate="1" branch-rate="1" complexity="1">
              <lines>
                <line number="67" hits="42" branch="false" />
                <line number="68" hits="42" branch="false" />
                <line number="70" hits="42" branch="false" />
              </lines>
            </method>
          </methods>
          <lines>
            <line number="24" hits="18" branch="false" />
            <line number="28" hits="1" branch="false" />
            <line number="29" hits="2" branch="false" />
            <line number="33" hits="1" branch="false" />
            <line number="34" hits="2" branch="false" />
            <line number="38" hits="8" branch="false" />
            <line number="39" hits="6" branch="false" />
            <line number="43" hits="3" branch="false" />
            <line number="51" hits="2" branch="false" />
            <line number="52" hits="2" branch="false" />
            <line number="53" hits="2" branch="false" />
            <line number="54" hits="2" branch="false" />
            <line number="56" hits="2" branch="true" condition-coverage="50% (1/2)" />
            <line number="57" hits="0" branch="false" />
            <line number="59" hits="2" branch="false" />
            <line number="61" hits="2" branch="false" />
            <line number="62" hits="2" branch="false" />
            <line number="64" hits="2" branch="false" />
            <line number="65" hits="2" branch="false" />
            <line number="67" hits="42" branch="false" />
            <line number="68" hits="42" branch="false" />
            <line number="70" hits="42" branch="false" />
            <line number="77" hits="1" branch="false" />
            <line number="78" hits="1" branch="false" />
            <line number="79" hits="1" branch="false" />
            <line number="89" hits="3" branch="false" />
            <line number="90" hits="5" branch="true" condition-coverage="100% (2/2)" />
            <line number="91" hits="2" branch="true" condition-coverage="100% (2/2)" />
            <line number="92" hits="1" branch="false" />
            <line number="93" hits="1" branch="false" />
            <line number="94" hits="1" branch="false" />
            <line number="95" hits="1" branch="false" />
            <line number="96" hits="1" branch="false" />
            <line number="97" hits="3" branch="false" />
            <line number="98" hits="1" branch="false" />
            <line number="99" hits="1" branch="false" />
            <line number="100" hits="1" branch="false" />
            <line number="101" hits="1" branch="false" />
            <line number="102" hits="1" branch="false" />
            <line number="103" hits="1" branch="false" />
            <line number="104" hits="3" branch="false" />
          </lines>
        </class>
        <class name="Domari.StudentskiDom" filename="C:\Users\User\source\repos\VVS-ZAD2\Domari\Domari\StudentskiDom.cs" line-rate="0.9777777777777777" branch-rate="0.9772727272727273" complexity="47">
          <methods>
            <method name="get_Studenti" signature="()" line-rate="1" branch-rate="1" complexity="1">
              <lines>
                <line number="21" hits="22" branch="false" />
              </lines>
            </method>
            <method name="get_Sobe" signature="()" line-rate="1" branch-rate="1" complexity="1">
              <lines>
                <line number="26" hits="896" branch="false" />
              </lines>
            </method>
            <method name="GenerišiSljedećiBroj" signature="()" line-rate="1" branch-rate="1" complexity="1">
              <lines>
                <line number="60" hits="10" branch="false" />
                <line number="62" hits="10" branch="false" />
                <line number="63" hits="10" branch="false" />
                <line number="64" hits="10" branch="false" />
                <line number="65" hits="10" branch="false" />
                <line number="66" hits="10" branch="false" />
              </lines>
            </method>
            <method name="RadSaStudentom" signature="(...)" line-rate="1" branch-rate="1" complexity="12">
              <lines>
                <line number="69" hits="9" branch="false" />
                <line number="70" hits="9" branch="true" condition-coverage="100% (2/2)" />
                <line number="71" hits="5" branch="false" />
                <line number="72" hits="5" branch="true" condition-coverage="100% (2/2)" />
                <line number="73" hits="1" branch="false" />
                <line number="74" hits="4" branch="false" />
                <line number="75" hits="4" branch="false" />
                <line number="76" hits="4" branch="true" condition-coverage="100% (2/2)" />
                <line number="77" hits="2" branch="false" />
                <line number="78" hits="8" branch="false" />
                <line number="79" hits="2" branch="true" condition-coverage="100% (2/2)" />
                <line number="80" hits="1" branch="false" />
                <line number="81" hits="1" branch="false" />
                <line number="82" hits="1" branch="false" />
                <line number="83" hits="2" branch="true" condition-coverage="100% (2/2)" />
                <line number="84" hits="2" branch="false" />
                <line number="85" hits="3" branch="false" />
                <line number="86" hits="2" branch="true" condition-coverage="100% (2/2)" />
                <line number="87" hits="1" branch="false" />
                <line number="88" hits="1" branch="false" />
                <line number="89" hits="1" branch="false" />
                <line number="90" hits="6" branch="false" />
              </lines>
            </method>
            <method name="UpisUDom" signature="(...)" line-rate="0.8461538461538461" branch-rate="0.9" complexity="10">
              <lines>
                <line number="93" hits="7" branch="false" />
                <line number="94" hits="18" branch="true" condition-coverage="100% (2/2)" />
                <line number="95" hits="7" branch="true" condition-coverage="100% (4/4)" />
                <line number="96" hits="1" branch="false" />
                <line number="97" hits="6" branch="true" condition-coverage="100% (2/2)" />
                <line number="98" hits="1" branch="false" />
                <line number="99" hits="2" branch="false" />
                <line number="100" hits="1" branch="true" condition-coverage="50% (1/2)" />
                <line number="101" hits="1" branch="false" />
                <line number="102" hits="0" branch="false" />
                <line number="103" hits="0" branch="false" />
                <line number="105" hits="5" branch="false" />
                <line number="106" hits="5" branch="false" />
              </lines>
            </method>
            <method name="PromjenaSobe" signature="(...)" line-rate="1" branch-rate="1" complexity="6">
              <lines>
                <line number="119" hits="3" branch="false" />
                <line number="120" hits="3" branch="true" condition-coverage="100% (2/2)" />
                <line number="121" hits="1" branch="false" />
                <line number="122" hits="1" branch="false" />
                <line number="123" hits="1" branch="false" />
                <line number="124" hits="2" branch="true" condition-coverage="100% (2/2)" />
                <line number="125" hits="1" branch="false" />
                <line number="126" hits="2" branch="true" condition-coverage="100% (2/2)" />
                <line number="127" hits="1" branch="false" />
                <line number="128" hits="1" branch="false" />
                <line number="129" hits="1" branch="false" />
                <line number="130" hits="1" branch="false" />
                <line number="131" hits="1" branch="false" />
                <line number="133" hits="1" branch="false" />
                <line number="134" hits="1" branch="false" />
                <line number="135" hits="1" branch="false" />
                <line number="137" hits="3" branch="false" />
              </lines>
            </method>
            <method name="DajStudenteIzPaviljona" signature="(...)" line-rate="1" branch-rate="1" complexity="4">
              <lines>
                <line number="140" hits="1" branch="false" />
                <line number="141" hits="1" branch="false" />
                <line number="142" hits="5" branch="true" condition-coverage="100% (2/2)" />
                <line number="143" hits="1" branch="false" />
                <line number="144" hits="1" branch="true" condition-coverage="100% (2/2)" />
                <line number="145" hits="1" branch="false" />
                <line number="146" hits="1" branch="false" />
                <line number="147" hits="1" branch="false" />
                <line number="148" hits="1" branch="false" />
              </lines>
            </method>
            <method name=".ctor" signature="(...)" line-rate="1" branch-rate="1" complexity="12">
              <lines>
                <line number="33" hits="14" branch="false" />
                <line number="34" hits="14" branch="false" />
                <line number="35" hits="14" branch="false" />
                <line number="36" hits="14" branch="false" />
                <line number="37" hits="1786" branch="true" condition-coverage="100% (2/2)" />
                <line number="38" hits="879" branch="false" />
                <line number="39" hits="879" branch="false" />
                <line number="40" hits="879" branch="false" />
                <line number="41" hits="879" branch="true" condition-coverage="100% (6/6)" />
                <line number="42" hits="296" branch="false" />
                <line number="43" hits="296" branch="false" />
                <line number="44" hits="296" branch="false" />
                <line number="45" hits="296" branch="false" />
                <line number="46" hits="583" branch="true" condition-coverage="100% (4/4)" />
                <line number="47" hits="296" branch="false" />
                <line number="48" hits="296" branch="false" />
                <line number="49" hits="296" branch="false" />
                <line number="50" hits="296" branch="false" />
                <line number="51" hits="879" branch="false" />
                <line number="52" hits="879" branch="false" />
                <line number="53" hits="14" branch="false" />
              </lines>
            </method>
          </methods>
          <lines>
            <line number="21" hits="22" branch="false" />
            <line number="26" hits="896" branch="false" />
            <line number="33" hits="14" branch="false" />
            <line number="34" hits="14" branch="false" />
            <line number="35" hits="14" branch="false" />
            <line number="36" hits="14" branch="false" />
            <line number="37" hits="1786" branch="true" condition-coverage="100% (2/2)" />
            <line number="38" hits="879" branch="false" />
            <line number="39" hits="879" branch="false" />
            <line number="40" hits="879" branch="false" />
            <line number="41" hits="879" branch="true" condition-coverage="100% (6/6)" />
            <line number="42" hits="296" branch="false" />
            <line number="43" hits="296" branch="false" />
            <line number="44" hits="296" branch="false" />
            <line number="45" hits="296" branch="false" />
            <line number="46" hits="583" branch="true" condition-coverage="100% (4/4)" />
            <line number="47" hits="296" branch="false" />
            <line number="48" hits="296" branch="false" />
            <line number="49" hits="296" branch="false" />
            <line number="50" hits="296" branch="false" />
            <line number="51" hits="879" branch="false" />
            <line number="52" hits="879" branch="false" />
            <line number="53" hits="14" branch="false" />
            <line number="60" hits="10" branch="false" />
            <line number="62" hits="10" branch="false" />
            <line number="63" hits="10" branch="false" />
            <line number="64" hits="10" branch="false" />
            <line number="65" hits="10" branch="false" />
            <line number="66" hits="10" branch="false" />
            <line number="69" hits="9" branch="false" />
            <line number="70" hits="9" branch="true" condition-coverage="100% (2/2)" />
            <line number="71" hits="5" branch="false" />
            <line number="72" hits="5" branch="true" condition-coverage="100% (2/2)" />
            <line number="73" hits="1" branch="false" />
            <line number="74" hits="4" branch="false" />
            <line number="75" hits="4" branch="false" />
            <line number="76" hits="4" branch="true" condition-coverage="100% (2/2)" />
            <line number="77" hits="2" branch="false" />
            <line number="78" hits="8" branch="false" />
            <line number="79" hits="2" branch="true" condition-coverage="100% (2/2)" />
            <line number="80" hits="1" branch="false" />
            <line number="81" hits="1" branch="false" />
            <line number="82" hits="1" branch="false" />
            <line number="83" hits="2" branch="true" condition-coverage="100% (2/2)" />
            <line number="84" hits="2" branch="false" />
            <line number="85" hits="3" branch="false" />
            <line number="86" hits="2" branch="true" condition-coverage="100% (2/2)" />
            <line number="87" hits="1" branch="false" />
            <line number="88" hits="1" branch="false" />
            <line number="89" hits="1" branch="false" />
            <line number="90" hits="6" branch="false" />
            <line number="93" hits="7" branch="false" />
            <line number="94" hits="18" branch="true" condition-coverage="100% (2/2)" />
            <line number="95" hits="7" branch="true" condition-coverage="100% (4/4)" />
            <line number="96" hits="1" branch="false" />
            <line number="97" hits="6" branch="true" condition-coverage="100% (2/2)" />
            <line number="98" hits="1" branch="false" />
            <line number="99" hits="2" branch="false" />
            <line number="100" hits="1" branch="true" condition-coverage="50% (1/2)" />
            <line number="101" hits="1" branch="false" />
            <line number="102" hits="0" branch="false" />
            <line number="103" hits="0" branch="false" />
            <line number="105" hits="5" branch="false" />
            <line number="106" hits="5" branch="false" />
            <line number="119" hits="3" branch="false" />
            <line number="120" hits="3" branch="true" condition-coverage="100% (2/2)" />
            <line number="121" hits="1" branch="false" />
            <line number="122" hits="1" branch="false" />
            <line number="123" hits="1" branch="false" />
            <line number="124" hits="2" branch="true" condition-coverage="100% (2/2)" />
            <line number="125" hits="1" branch="false" />
            <line number="126" hits="2" branch="true" condition-coverage="100% (2/2)" />
            <line number="127" hits="1" branch="false" />
            <line number="128" hits="1" branch="false" />
            <line number="129" hits="1" branch="false" />
            <line number="130" hits="1" branch="false" />
            <line number="131" hits="1" branch="false" />
            <line number="133" hits="1" branch="false" />
            <line number="134" hits="1" branch="false" />
            <line number="135" hits="1" branch="false" />
            <line number="137" hits="3" branch="false" />
            <line number="140" hits="1" branch="false" />
            <line number="141" hits="1" branch="false" />
            <line number="142" hits="5" branch="true" condition-coverage="100% (2/2)" />
            <line number="143" hits="1" branch="false" />
            <line number="144" hits="1" branch="true" condition-coverage="100% (2/2)" />
            <line number="145" hits="1" branch="false" />
            <line number="146" hits="1" branch="false" />
            <line number="147" hits="1" branch="false" />
            <line number="148" hits="1" branch="false" />
          </lines>
        </class>
      </classes>
    </package>
    <package name="Unit Testovi" line-rate="0.9285714285714286" branch-rate="1" complexity="6">
      <classes>
        <class name="AutoGeneratedProgram" filename="C:\Users\User\.nuget\packages\microsoft.net.test.sdk\16.5.0\build\netcoreapp2.1\Microsoft.NET.Test.Sdk.Program.cs" line-rate="0" branch-rate="1" complexity="1">
          <methods>
            <method name="Main" signature="(...)" line-rate="0" branch-rate="1" complexity="1">
              <lines>
                <line number="4" hits="0" branch="false" />
              </lines>
            </method>
          </methods>
          <lines>
            <line number="4" hits="0" branch="false" />
          </lines>
        </class>
        <class name="Unit_Testovi.NoviTestovi" filename="C:\Users\User\source\repos\VVS-ZAD2\Domari\Unit Testovi\NoviTestovi.cs" line-rate="0.9583333333333334" branch-rate="1" complexity="4">
          <methods>
            <method name="TestZamjenskiObjekat" signature="()" line-rate="1" branch-rate="1" complexity="1">
              <lines>
                <line number="24" hits="1" branch="false" />
                <line number="25" hits="1" branch="false" />
                <line number="27" hits="1" branch="false" />
                <line number="28" hits="1" branch="false" />
                <line number="29" hits="1" branch="false" />
                <line number="31" hits="1" branch="false" />
                <line number="33" hits="1" branch="false" />
                <line number="35" hits="1" branch="false" />
                <line number="37" hits="2" branch="false" />
                <line number="38" hits="1" branch="false" />
              </lines>
            </method>
            <method name="TestPrviCiklusStudija" signature="()" line-rate="1" branch-rate="1" complexity="1">
              <lines>
                <line number="45" hits="1" branch="false" />
                <line number="46" hits="1" branch="false" />
                <line number="48" hits="1" branch="false" />
                <line number="50" hits="1" branch="false" />
                <line number="51" hits="1" branch="false" />
              </lines>
            </method>
            <method name="TestDrugiCiklusStudija" signature="()" line-rate="1" branch-rate="1" complexity="1">
              <lines>
                <line number="55" hits="1" branch="false" />
                <line number="56" hits="1" branch="false" />
                <line number="58" hits="1" branch="false" />
                <line number="60" hits="1" branch="false" />
                <line number="61" hits="1" branch="false" />
              </lines>
            </method>
            <method name="TestNeispravniPodaci" signature="()" line-rate="0.75" branch-rate="1" complexity="1">
              <lines>
                <line number="66" hits="1" branch="false" />
                <line number="67" hits="1" branch="false" />
                <line number="69" hits="1" branch="false" />
                <line number="70" hits="0" branch="false" />
              </lines>
            </method>
          </methods>
          <lines>
            <line number="24" hits="1" branch="false" />
            <line number="25" hits="1" branch="false" />
            <line number="27" hits="1" branch="false" />
            <line number="28" hits="1" branch="false" />
            <line number="29" hits="1" branch="false" />
            <line number="31" hits="1" branch="false" />
            <line number="33" hits="1" branch="false" />
            <line number="35" hits="1" branch="false" />
            <line number="37" hits="2" branch="false" />
            <line number="38" hits="1" branch="false" />
            <line number="45" hits="1" branch="false" />
            <line number="46" hits="1" branch="false" />
            <line number="48" hits="1" branch="false" />
            <line number="50" hits="1" branch="false" />
            <line number="51" hits="1" branch="false" />
            <line number="55" hits="1" branch="false" />
            <line number="56" hits="1" branch="false" />
            <line number="58" hits="1" branch="false" />
            <line number="60" hits="1" branch="false" />
            <line number="61" hits="1" branch="false" />
            <line number="66" hits="1" branch="false" />
            <line number="67" hits="1" branch="false" />
            <line number="69" hits="1" branch="false" />
            <line number="70" hits="0" branch="false" />
          </lines>
        </class>
        <class name="Unit_Testovi.Paviljon" filename="C:\Users\User\source\repos\VVS-ZAD2\Domari\Unit Testovi\NoviTestovi.cs" line-rate="1" branch-rate="1" complexity="1">
          <methods>
            <method name="DajImePaviljona" signature="()" line-rate="1" branch-rate="1" complexity="1">
              <lines>
                <line number="12" hits="1" branch="false" />
                <line number="13" hits="1" branch="false" />
                <line number="14" hits="1" branch="false" />
              </lines>
            </method>
          </methods>
          <lines>
            <line number="12" hits="1" branch="false" />
            <line number="13" hits="1" branch="false" />
            <line number="14" hits="1" branch="false" />
          </lines>
        </class>
      </classes>
    </package>
    <package name="UnitTestProject1" line-rate="0.9485294117647058" branch-rate="1" complexity="13">
      <classes>
        <class name="AutoGeneratedProgram" filename="C:\Users\User\.nuget\packages\microsoft.net.test.sdk\16.7.1\build\netcoreapp2.1\Microsoft.NET.Test.Sdk.Program.cs" line-rate="0" branch-rate="1" complexity="1">
          <methods>
            <method name="Main" signature="(...)" line-rate="0" branch-rate="1" complexity="1">
              <lines>
                <line number="4" hits="0" branch="false" />
              </lines>
            </method>
          </methods>
          <lines>
            <line number="4" hits="0" branch="false" />
          </lines>
        </class>
        <class name="UnitTestProject1.Zadatak1" filename="C:\Users\User\source\repos\VVS-ZAD2\Domari\UnitTestProject1\Zadatak1.cs" line-rate="0.9555555555555556" branch-rate="1" complexity="12">
          <methods>
            <method name="TestKadaJeKapacitetVeci" signature="()" line-rate="1" branch-rate="1" complexity="1">
              <lines>
                <line number="13" hits="1" branch="false" />
                <line number="14" hits="1" branch="false" />
                <line number="15" hits="2" branch="false" />
                <line number="16" hits="1" branch="false" />
                <line number="17" hits="1" branch="false" />
                <line number="18" hits="1" branch="false" />
                <line number="19" hits="1" branch="false" />
                <line number="20" hits="1" branch="false" />
                <line number="21" hits="1" branch="false" />
                <line number="22" hits="1" branch="false" />
                <line number="23" hits="1" branch="false" />
                <line number="24" hits="1" branch="false" />
              </lines>
            </method>
            <method name="TestKadaJeKapacitetIsti" signature="()" line-rate="1" branch-rate="1" complexity="1">
              <lines>
                <line number="28" hits="1" branch="false" />
                <line number="29" hits="1" branch="false" />
                <line number="30" hits="2" branch="false" />
                <line number="31" hits="1" branch="false" />
                <line number="32" hits="1" branch="false" />
                <line number="33" hits="1" branch="false" />
                <line number="34" hits="1" branch="false" />
                <line number="35" hits="1" branch="false" />
                <line number="36" hits="1" branch="false" />
                <line number="37" hits="1" branch="false" />
                <line number="38" hits="1" branch="false" />
                <line number="39" hits="1" branch="false" />
              </lines>
            </method>
            <method name="TestKadaJeKapacitetManji" signature="()" line-rate="1" branch-rate="1" complexity="1">
              <lines>
                <line number="43" hits="1" branch="false" />
                <line number="44" hits="1" branch="false" />
                <line number="45" hits="2" branch="false" />
                <line number="46" hits="1" branch="false" />
                <line number="47" hits="1" branch="false" />
                <line number="48" hits="1" branch="false" />
                <line number="49" hits="1" branch="false" />
                <line number="50" hits="1" branch="false" />
                <line number="51" hits="1" branch="false" />
                <line number="52" hits="1" branch="false" />
                <line number="53" hits="1" branch="false" />
                <line number="54" hits="1" branch="false" />
              </lines>
            </method>
            <method name="TestPromjeneMatcnogFakulteta" signature="()" line-rate="1" branch-rate="1" complexity="1">
              <lines>
                <line number="58" hits="1" branch="false" />
                <line number="59" hits="1" branch="false" />
                <line number="60" hits="1" branch="false" />
                <line number="61" hits="2" branch="false" />
                <line number="62" hits="1" branch="false" />
                <line number="63" hits="1" branch="false" />
                <line number="64" hits="1" branch="false" />
                <line number="65" hits="1" branch="false" />
              </lines>
            </method>
            <method name="TestIstiMatcniFakultet" signature="()" line-rate="1" branch-rate="1" complexity="1">
              <lines>
                <line number="69" hits="1" branch="false" />
                <line number="70" hits="1" branch="false" />
                <line number="71" hits="1" branch="false" />
                <line number="72" hits="2" branch="false" />
                <line number="73" hits="1" branch="false" />
                <line number="74" hits="1" branch="false" />
                <line number="75" hits="1" branch="false" />
                <line number="76" hits="1" branch="false" />
                <line number="77" hits="1" branch="false" />
              </lines>
            </method>
            <method name="TestIstiMatcniFakultetRazlicitCiklusStudija" signature="()" line-rate="1" branch-rate="1" complexity="1">
              <lines>
                <line number="81" hits="1" branch="false" />
                <line number="82" hits="1" branch="false" />
                <line number="83" hits="1" branch="false" />
                <line number="84" hits="2" branch="false" />
                <line number="85" hits="1" branch="false" />
                <line number="86" hits="1" branch="false" />
                <line number="87" hits="1" branch="false" />
                <line number="88" hits="1" branch="false" />
                <line number="89" hits="1" branch="false" />
                <line number="90" hits="1" branch="false" />
              </lines>
            </method>
            <method name="TestPasswordaKadaSuRazliciti" signature="()" line-rate="0.9230769230769231" branch-rate="1" complexity="1">
              <lines>
                <line number="94" hits="1" branch="false" />
                <line number="95" hits="1" branch="false" />
                <line number="96" hits="1" branch="false" />
                <line number="97" hits="1" branch="false" />
                <line number="100" hits="1" branch="false" />
                <line number="101" hits="1" branch="false" />
                <line number="102" hits="1" branch="false" />
                <line number="103" hits="0" branch="false" />
                <line number="104" hits="1" branch="false" />
                <line number="105" hits="1" branch="false" />
                <line number="106" hits="1" branch="false" />
                <line number="107" hits="1" branch="false" />
                <line number="108" hits="1" branch="false" />
              </lines>
            </method>
            <method name="TestPasswordaKadaSuIsti" signature="()" line-rate="0.6923076923076923" branch-rate="1" complexity="1">
              <lines>
                <line number="112" hits="1" branch="false" />
                <line number="113" hits="1" branch="false" />
                <line number="114" hits="1" branch="false" />
                <line number="115" hits="1" branch="false" />
                <line number="118" hits="1" branch="false" />
                <line number="119" hits="1" branch="false" />
                <line number="120" hits="1" branch="false" />
                <line number="121" hits="1" branch="false" />
                <line number="122" hits="0" branch="false" />
                <line number="123" hits="0" branch="false" />
                <line number="124" hits="0" branch="false" />
                <line number="125" hits="0" branch="false" />
                <line number="126" hits="1" branch="false" />
              </lines>
            </method>
            <method name="TestSobaKadaJeKapacitet2" signature="()" line-rate="1" branch-rate="1" complexity="1">
              <lines>
                <line number="130" hits="1" branch="false" />
                <line number="131" hits="1" branch="false" />
                <line number="132" hits="1" branch="false" />
                <line number="133" hits="1" branch="false" />
                <line number="134" hits="1" branch="false" />
                <line number="135" hits="1" branch="false" />
                <line number="136" hits="1" branch="false" />
                <line number="137" hits="1" branch="false" />
                <line number="138" hits="1" branch="false" />
                <line number="139" hits="1" branch="false" />
                <line number="140" hits="1" branch="false" />
                <line number="141" hits="1" branch="false" />
              </lines>
            </method>
            <method name="TestSobaKadaJeKapacitet3" signature="()" line-rate="1" branch-rate="1" complexity="1">
              <lines>
                <line number="145" hits="1" branch="false" />
                <line number="146" hits="1" branch="false" />
                <line number="147" hits="1" branch="false" />
                <line number="148" hits="1" branch="false" />
                <line number="149" hits="1" branch="false" />
                <line number="150" hits="1" branch="false" />
                <line number="151" hits="1" branch="false" />
                <line number="152" hits="1" branch="false" />
                <line number="153" hits="1" branch="false" />
                <line number="154" hits="1" branch="false" />
                <line number="155" hits="1" branch="false" />
                <line number="156" hits="1" branch="false" />
                <line number="157" hits="1" branch="false" />
                <line number="158" hits="1" branch="false" />
              </lines>
            </method>
            <method name="TestSobaKadaJeKapacitet4" signature="()" line-rate="1" branch-rate="1" complexity="1">
              <lines>
                <line number="162" hits="1" branch="false" />
                <line number="163" hits="1" branch="false" />
                <line number="164" hits="1" branch="false" />
                <line number="165" hits="1" branch="false" />
                <line number="166" hits="1" branch="false" />
                <line number="167" hits="1" branch="false" />
                <line number="168" hits="1" branch="false" />
                <line number="169" hits="1" branch="false" />
                <line number="170" hits="1" branch="false" />
                <line number="171" hits="1" branch="false" />
                <line number="172" hits="1" branch="false" />
                <line number="173" hits="1" branch="false" />
                <line number="174" hits="1" branch="false" />
                <line number="175" hits="1" branch="false" />
                <line number="176" hits="1" branch="false" />
                <line number="177" hits="1" branch="false" />
              </lines>
            </method>
            <method name="TestNeuspjesnePromjeneKapaciteta" signature="()" line-rate="0.75" branch-rate="1" complexity="1">
              <lines>
                <line number="182" hits="1" branch="false" />
                <line number="183" hits="1" branch="false" />
                <line number="184" hits="1" branch="false" />
                <line number="185" hits="0" branch="false" />
              </lines>
            </method>
          </methods>
          <lines>
            <line number="13" hits="1" branch="false" />
            <line number="14" hits="1" branch="false" />
            <line number="15" hits="2" branch="false" />
            <line number="16" hits="1" branch="false" />
            <line number="17" hits="1" branch="false" />
            <line number="18" hits="1" branch="false" />
            <line number="19" hits="1" branch="false" />
            <line number="20" hits="1" branch="false" />
            <line number="21" hits="1" branch="false" />
            <line number="22" hits="1" branch="false" />
            <line number="23" hits="1" branch="false" />
            <line number="24" hits="1" branch="false" />
            <line number="28" hits="1" branch="false" />
            <line number="29" hits="1" branch="false" />
            <line number="30" hits="2" branch="false" />
            <line number="31" hits="1" branch="false" />
            <line number="32" hits="1" branch="false" />
            <line number="33" hits="1" branch="false" />
            <line number="34" hits="1" branch="false" />
            <line number="35" hits="1" branch="false" />
            <line number="36" hits="1" branch="false" />
            <line number="37" hits="1" branch="false" />
            <line number="38" hits="1" branch="false" />
            <line number="39" hits="1" branch="false" />
            <line number="43" hits="1" branch="false" />
            <line number="44" hits="1" branch="false" />
            <line number="45" hits="2" branch="false" />
            <line number="46" hits="1" branch="false" />
            <line number="47" hits="1" branch="false" />
            <line number="48" hits="1" branch="false" />
            <line number="49" hits="1" branch="false" />
            <line number="50" hits="1" branch="false" />
            <line number="51" hits="1" branch="false" />
            <line number="52" hits="1" branch="false" />
            <line number="53" hits="1" branch="false" />
            <line number="54" hits="1" branch="false" />
            <line number="58" hits="1" branch="false" />
            <line number="59" hits="1" branch="false" />
            <line number="60" hits="1" branch="false" />
            <line number="61" hits="2" branch="false" />
            <line number="62" hits="1" branch="false" />
            <line number="63" hits="1" branch="false" />
            <line number="64" hits="1" branch="false" />
            <line number="65" hits="1" branch="false" />
            <line number="69" hits="1" branch="false" />
            <line number="70" hits="1" branch="false" />
            <line number="71" hits="1" branch="false" />
            <line number="72" hits="2" branch="false" />
            <line number="73" hits="1" branch="false" />
            <line number="74" hits="1" branch="false" />
            <line number="75" hits="1" branch="false" />
            <line number="76" hits="1" branch="false" />
            <line number="77" hits="1" branch="false" />
            <line number="81" hits="1" branch="false" />
            <line number="82" hits="1" branch="false" />
            <line number="83" hits="1" branch="false" />
            <line number="84" hits="2" branch="false" />
            <line number="85" hits="1" branch="false" />
            <line number="86" hits="1" branch="false" />
            <line number="87" hits="1" branch="false" />
            <line number="88" hits="1" branch="false" />
            <line number="89" hits="1" branch="false" />
            <line number="90" hits="1" branch="false" />
            <line number="94" hits="1" branch="false" />
            <line number="95" hits="1" branch="false" />
            <line number="96" hits="1" branch="false" />
            <line number="97" hits="1" branch="false" />
            <line number="100" hits="1" branch="false" />
            <line number="101" hits="1" branch="false" />
            <line number="102" hits="1" branch="false" />
            <line number="103" hits="0" branch="false" />
            <line number="104" hits="1" branch="false" />
            <line number="105" hits="1" branch="false" />
            <line number="106" hits="1" branch="false" />
            <line number="107" hits="1" branch="false" />
            <line number="108" hits="1" branch="false" />
            <line number="112" hits="1" branch="false" />
            <line number="113" hits="1" branch="false" />
            <line number="114" hits="1" branch="false" />
            <line number="115" hits="1" branch="false" />
            <line number="118" hits="1" branch="false" />
            <line number="119" hits="1" branch="false" />
            <line number="120" hits="1" branch="false" />
            <line number="121" hits="1" branch="false" />
            <line number="122" hits="0" branch="false" />
            <line number="123" hits="0" branch="false" />
            <line number="124" hits="0" branch="false" />
            <line number="125" hits="0" branch="false" />
            <line number="126" hits="1" branch="false" />
            <line number="130" hits="1" branch="false" />
            <line number="131" hits="1" branch="false" />
            <line number="132" hits="1" branch="false" />
            <line number="133" hits="1" branch="false" />
            <line number="134" hits="1" branch="false" />
            <line number="135" hits="1" branch="false" />
            <line number="136" hits="1" branch="false" />
            <line number="137" hits="1" branch="false" />
            <line number="138" hits="1" branch="false" />
            <line number="139" hits="1" branch="false" />
            <line number="140" hits="1" branch="false" />
            <line number="141" hits="1" branch="false" />
            <line number="145" hits="1" branch="false" />
            <line number="146" hits="1" branch="false" />
            <line number="147" hits="1" branch="false" />
            <line number="148" hits="1" branch="false" />
            <line number="149" hits="1" branch="false" />
            <line number="150" hits="1" branch="false" />
            <line number="151" hits="1" branch="false" />
            <line number="152" hits="1" branch="false" />
            <line number="153" hits="1" branch="false" />
            <line number="154" hits="1" branch="false" />
            <line number="155" hits="1" branch="false" />
            <line number="156" hits="1" branch="false" />
            <line number="157" hits="1" branch="false" />
            <line number="158" hits="1" branch="false" />
            <line number="162" hits="1" branch="false" />
            <line number="163" hits="1" branch="false" />
            <line number="164" hits="1" branch="false" />
            <line number="165" hits="1" branch="false" />
            <line number="166" hits="1" branch="false" />
            <line number="167" hits="1" branch="false" />
            <line number="168" hits="1" branch="false" />
            <line number="169" hits="1" branch="false" />
            <line number="170" hits="1" branch="false" />
            <line number="171" hits="1" branch="false" />
            <line number="172" hits="1" branch="false" />
            <line number="173" hits="1" branch="false" />
            <line number="174" hits="1" branch="false" />
            <line number="175" hits="1" branch="false" />
            <line number="176" hits="1" branch="false" />
            <line number="177" hits="1" branch="false" />
            <line number="182" hits="1" branch="false" />
            <line number="183" hits="1" branch="false" />
            <line number="184" hits="1" branch="false" />
            <line number="185" hits="0" branch="false" />
          </lines>
        </class>
      </classes>
    </package>
    <package name="UnitTestProject2" line-rate="0.9171974522292994" branch-rate="1" complexity="26">
      <classes>
        <class name="AutoGeneratedProgram" filename="C:\Users\User\.nuget\packages\microsoft.net.test.sdk\16.7.1\build\netcoreapp2.1\Microsoft.NET.Test.Sdk.Program.cs" line-rate="0" branch-rate="1" complexity="1">
          <methods>
            <method name="Main" signature="(...)" line-rate="0" branch-rate="1" complexity="1">
              <lines>
                <line number="4" hits="0" branch="false" />
              </lines>
            </method>
          </methods>
          <lines>
            <line number="4" hits="0" branch="false" />
          </lines>
        </class>
        <class name="UnitTestProject2.Zadatak3" filename="C:\Users\User\source\repos\VVS-ZAD2\Domari\UnitTestProject2\Zadatak3.cs" line-rate="0.9230769230769231" branch-rate="1" complexity="25">
          <methods>
            <method name="SkolovanjeIndeks" signature="()" line-rate="1" branch-rate="1" complexity="1">
              <lines>
                <line number="14" hits="1" branch="false" />
                <line number="15" hits="1" branch="false" />
                <line number="16" hits="1" branch="false" />
                <line number="17" hits="1" branch="false" />
                <line number="18" hits="1" branch="false" />
              </lines>
            </method>
            <method name="BrojSobe" signature="()" line-rate="1" branch-rate="1" complexity="1">
              <lines>
                <line number="25" hits="1" branch="false" />
                <line number="26" hits="1" branch="false" />
                <line number="27" hits="1" branch="false" />
                <line number="28" hits="1" branch="false" />
              </lines>
            </method>
            <method name="DodajStanaraImaMjesta" signature="()" line-rate="1" branch-rate="1" complexity="1">
              <lines>
                <line number="32" hits="1" branch="false" />
                <line number="33" hits="1" branch="false" />
                <line number="34" hits="1" branch="false" />
                <line number="35" hits="1" branch="false" />
                <line number="36" hits="1" branch="false" />
                <line number="37" hits="1" branch="false" />
              </lines>
            </method>
            <method name="DodajStanaraNemaMjesta" signature="()" line-rate="0.8888888888888888" branch-rate="1" complexity="1">
              <lines>
                <line number="42" hits="1" branch="false" />
                <line number="43" hits="1" branch="false" />
                <line number="44" hits="1" branch="false" />
                <line number="45" hits="1" branch="false" />
                <line number="46" hits="1" branch="false" />
                <line number="47" hits="1" branch="false" />
                <line number="48" hits="1" branch="false" />
                <line number="49" hits="1" branch="false" />
                <line number="50" hits="0" branch="false" />
              </lines>
            </method>
            <method name="DaLiJeStanar" signature="()" line-rate="1" branch-rate="1" complexity="1">
              <lines>
                <line number="54" hits="1" branch="false" />
                <line number="55" hits="1" branch="false" />
                <line number="56" hits="1" branch="false" />
                <line number="57" hits="1" branch="false" />
                <line number="58" hits="1" branch="false" />
              </lines>
            </method>
[...]
                <line number="74" hits="1" branch="false" />
                <line number="75" hits="1" branch="false" />
                <line number="76" hits="1" branch="false" />
                <line number="77" hits="1" branch="false" />
                <line number="78" hits="1" branch="false" />
                <line number="79" hits="1" branch="false" />
                <line number="80" hits="1" branch="false" />
                <line number="81" hits="1" branch="false" />
                <line number="82" hits="1" branch="false" />
              </lines>
            </method>
            <method name="TestNeuspjesneUnosaImena" signature="()" line-rate="0.6666666666666666" branch-rate="1" complexity="1">
              <lines>
                <line number="87" hits="1" branch="false" />
                <line number="88" hits="1" branch="false" />
                <line number="89" hits="0" branch="false" />
              </lines>
            </method>
            <method name="TestNeuspjesneUnosaPrezimena" signature="()" line-rate="0.6666666666666666" branch-rate="1" complexity="1">
              <lines>
                <line number="94" hits="1" branch="false" />
                <line number="95" hits="1" branch="false" />
                <line number="96" hits="0" branch="false" />
              </lines>
            </method>
            <method name="TestNeuspjesneUnosaMjestRodjenja" signature="()" line-rate="0.6666666666666666" branch-rate="1" complexity="1">
              <lines>
                <line number="101" hits="1" branch="false" />
                <line number="102" hits="1" branch="false" />
                <line number="103" hits="0" branch="false" />
              </lines>
            </method>
            <method name="TestNeuspjesneUnosaEmaila" signature="()" line-rate="0.6666666666666666" branch-rate="1" complexity="1">
              <lines>
                <line number="108" hits="1" branch="false" />
                <line number="109" hits="1" branch="false" />
                <line number="110" hits="0" branch="false" />
              </lines>
            </method>
            <method name="TestNeuspjesneUnosaJMBGa" signature="()" line-rate="0.6666666666666666" branch-rate="1" complexity="1">
              <lines>
                <line number="115" hits="1" branch="false" />
                <line number="116" hits="1" branch="false" />
                <line number="117" hits="0" branch="false" />
              </lines>
            </method>
            <method name="TestNeuspjesneUnosaDatuma" signature="()" line-rate="0.6666666666666666" branch-rate="1" complexity="1">
              <lines>
                <line number="122" hits="1" branch="false" />
                <line number="123" hits="1" branch="false" />
                <line number="124" hits="0" branch="false" />
              </lines>
            </method>
            <method name="RadSaStudentomNoviStudent" signature="()" line-rate="1" branch-rate="1" complexity="1">
              <lines>
                <line number="130" hits="1" branch="false" />
                <line number="131" hits="1" branch="false" />
                <line number="132" hits="1" branch="false" />
                <line number="133" hits="1" branch="false" />
                <line number="134" hits="1" branch="false" />
                <line number="135" hits="1" branch="false" />
              </lines>
            </method>
            <method name="RadSaStudentomIstiStudent" signature="()" line-rate="0.8333333333333334" branch-rate="1" complexity="1">
              <lines>
                <line number="140" hits="1" branch="false" />
                <line number="141" hits="1" branch="false" />
                <line number="142" hits="1" branch="false" />
                <line number="143" hits="1" branch="false" />
                <line number="144" hits="1" branch="false" />
                <line number="145" hits="0" branch="false" />
              </lines>
            </method>
            <method name="RadSaStudentomIzbaciStanar" signature="()" line-rate="1" branch-rate="1" complexity="1">
              <lines>
                <line number="149" hits="1" branch="false" />
                <line number="150" hits="1" branch="false" />
                <line number="151" hits="1" branch="false" />
                <line number="152" hits="1" branch="false" />
                <line number="153" hits="1" branch="false" />
                <line number="154" hits="1" branch="false" />
                <line number="155" hits="1" branch="false" />
                <line number="156" hits="1" branch="false" />
                <line number="157" hits="1" branch="false" />
              </lines>
            </method>
            <method name="RadSaStudentomIzbaciNijeStanar" signature="()" line-rate="0.8" branch-rate="1" complexity="1">
              <lines>
                <line number="162" hits="1" branch="false" />
                <line number="163" hits="1" branch="false" />
                <line number="164" hits="1" branch="false" />
                <line number="165" hits="1" branch="false" />
                <line number="166" hits="0" branch="false" />
              </lines>
            </method>
            <method name="RadSaStudentomIzbrisi" signature="()" line-rate="1" branch-rate="1" complexity="1">
              <lines>
                <line number="170" hits="1" branch="false" />
                <line number="171" hits="1" branch="false" />
                <line number="172" hits="1" branch="false" />
                <line number="173" hits="1" branch="false" />
                <line number="174" hits="1" branch="false" />
                <line number="175" hits="1" branch="false" />
                <line number="176" hits="1" branch="false" />
                <line number="177" hits="1" branch="false" />
              </lines>
            </method>
            <method name="RadSaStudentomIzbrisiDrugog" signature="()" line-rate="0.8" branch-rate="1" complexity="1">
              <lines>
                <line number="182" hits="1" branch="false" />
                <line number="183" hits="1" branch="false" />
                <line number="184" hits="1" branch="false" />
                <line number="185" hits="1" branch="false" />
                <line number="186" hits="0" branch="false" />
              </lines>
            </method>
            <method name="UpisDomNemaSobe" signature="()" line-rate="0.8" branch-rate="1" complexity="1">
              <lines>
                <line number="191" hits="1" branch="false" />
                <line number="192" hits="1" branch="false" />
                <line number="193" hits="1" branch="false" />
                <line number="194" hits="1" branch="false" />
                <line number="195" hits="0" branch="false" />
              </lines>
            </method>
            <method name="UpisDomSlobodna" signature="()" line-rate="1" branch-rate="1" complexity="1">
              <lines>
                <line number="199" hits="1" branch="false" />
                <line number="200" hits="1" branch="false" />
                <line number="201" hits="1" branch="false" />
                <line number="202" hits="1" branch="false" />
                <line number="203" hits="1" branch="false" />
                <line number="204" hits="1" branch="false" />
                <line number="205" hits="1" branch="false" />
              </lines>
            </method>
            <method name="UpisDomZauzeta" signature="()" line-rate="1" branch-rate="1" complexity="1">
              <lines>
                <line number="209" hits="1" branch="false" />
                <line number="210" hits="1" branch="false" />
                <line number="211" hits="1" branch="false" />
                <line number="212" hits="1" branch="false" />
                <line number="213" hits="1" branch="false" />
                <line number="214" hits="1" branch="false" />
                <line number="215" hits="1" branch="false" />
                <line number="216" hits="1" branch="false" />
                <line number="217" hits="1" branch="false" />
                <line number="218" hits="1" branch="false" />
              </lines>
            </method>
            <method name="UpisDomZauzeteSveSobe" signature="()" line-rate="0.9166666666666666" branch-rate="1" complexity="1">
              <lines>
                <line number="223" hits="1" branch="false" />
                <line number="224" hits="1" branch="false" />
                <line number="225" hits="1" branch="false" />
                <line number="226" hits="1" branch="false" />
                <line number="227" hits="1" branch="false" />
                <line number="228" hits="1" branch="false" />
                <line number="229" hits="1" branch="false" />
                <line number="230" hits="1" branch="false" />
                <line number="231" hits="1" branch="false" />
                <line number="232" hits="1" branch="false" />
                <line number="233" hits="1" branch="false" />
                <line number="234" hits="0" branch="false" />
              </lines>
            </method>
            <method name="StudentTest" signature="()" line-rate="1" branch-rate="1" complexity="1">
              <lines>
                <line number="240" hits="1" branch="false" />
                <line number="241" hits="1" branch="false" />
                <line number="242" hits="1" branch="false" />
                <line number="243" hits="1" branch="false" />
                <line number="244" hits="1" branch="false" />
                <line number="245" hits="1" branch="false" />
                <line number="246" hits="1" branch="false" />
                <line number="247" hits="1" branch="false" />
                <line number="248" hits="1" branch="false" />
                <line number="249" hits="1" branch="false" />
              </lines>
            </method>
            <method name="AzurirajStanje" signature="()" line-rate="1" branch-rate="1" complexity="1">
              <lines>
                <line number="253" hits="1" branch="false" />
                <line number="254" hits="1" branch="false" />
                <line number="255" hits="1" branch="false" />
                <line number="256" hits="1" branch="false" />
                <line number="257" hits="1" branch="false" />
                <line number="258" hits="1" branch="false" />
                <line number="259" hits="1" branch="false" />
                <line number="260" hits="1" branch="false" />
                <line number="261" hits="1" branch="false" />
                <line number="262" hits="1" branch="false" />
              </lines>
            </method>
          </methods>
          <lines>
            <line number="14" hits="1" branch="false" />
            <line number="15" hits="1" branch="false" />
            <line number="16" hits="1" branch="false" />
            <line number="17" hits="1" branch="false" />
            <line number="18" hits="1" branch="false" />
            <line number="25" hits="1" branch="false" />
            <line number="26" hits="1" branch="false" />
            <line number="27" hits="1" branch="false" />
            <line number="28" hits="1" branch="false" />
            <line number="32" hits="1" branch="false" />
            <line number="33" hits="1" branch="false" />
            <line number="34" hits="1" branch="false" />
            <line number="35" hits="1" branch="false" />
            <line number="36" hits="1" branch="false" />
            <line number="37" hits="1" branch="false" />
            <line number="42" hits="1" branch="false" />
            <line number="43" hits="1" branch="false" />
            <line number="44" hits="1" branch="false" />
            <line number="45" hits="1" branch="false" />
            <line number="46" hits="1" branch="false" />
            <line number="47" hits="1" branch="false" />
            <line number="48" hits="1" branch="false" />
            <line number="49" hits="1" branch="false" />
            <line number="50" hits="0" branch="false" />
            <line number="54" hits="1" branch="false" />
            <line number="55" hits="1" branch="false" />
            <line number="56" hits="1" branch="false" />
            <line number="57" hits="1" branch="false" />
            <line number="58" hits="1" branch="false" />
            <line number="64" hits="1" branch="false" />
            <line number="65" hits="1" branch="false" />
            <line number="66" hits="1" branch="false" />
            <line number="67" hits="1" branch="false" />
            <line number="68" hits="1" branch="false" />
            <line number="72" hits="1" branch="false" />
            <line number="73" hits="1" branch="false" />
            <line number="74" hits="1" branch="false" />
            <line number="75" hits="1" branch="false" />
            <line number="76" hits="1" branch="false" />
            <line number="77" hits="1" branch="false" />
            <line number="78" hits="1" branch="false" />
            <line number="79" hits="1" branch="false" />
            <line number="80" hits="1" branch="false" />
            <line number="81" hits="1" branch="false" />
            <line number="82" hits="1" branch="false" />
            <line number="87" hits="1" branch="false" />
            <line number="88" hits="1" branch="false" />
            <line number="89" hits="0" branch="false" />
            <line number="94" hits="1" branch="false" />
            <line number="95" hits="1" branch="false" />
            <line number="96" hits="0" branch="false" />
            <line number="101" hits="1" branch="false" />
            <line number="102" hits="1" branch="false" />
            <line number="103" hits="0" branch="false" />
            <line number="108" hits="1" branch="false" />
            <line number="109" hits="1" branch="false" />
            <line number="110" hits="0" branch="false" />
            <line number="115" hits="1" branch="false" />
            <line number="116" hits="1" branch="false" />
            <line number="117" hits="0" branch="false" />
            <line number="122" hits="1" branch="false" />
            <line number="123" hits="1" branch="false" />
            <line number="124" hits="0" branch="false" />
            <line number="130" hits="1" branch="false" />
            <line number="131" hits="1" branch="false" />
            <line number="132" hits="1" branch="false" />
            <line number="133" hits="1" branch="false" />
            <line number="134" hits="1" branch="false" />
            <line number="135" hits="1" branch="false" />
            <line number="140" hits="1" branch="false" />
            <line number="141" hits="1" branch="false" />
            <line number="142" hits="1" branch="false" />
            <line number="143" hits="1" branch="false" />
            <line number="144" hits="1" branch="false" />
            <line number="145" hits="0" branch="false" />
            <line number="149" hits="1" branch="false" />
            <line number="150" hits="1" branch="false" />
            <line number="151" hits="1" branch="false" />
            <line number="152" hits="1" branch="false" />
            <line number="153" hits="1" branch="false" />
            <line number="154" hits="1" branch="false" />
            <line number="155" hits="1" branch="false" />
            <line number="156" hits="1" branch="false" />
            <line number="157" hits="1" branch="false" />
            <line number="162" hits="1" branch="false" />
            <line number="163" hits="1" branch="false" />
            <line number="164" hits="1" branch="false" />
            <line number="165" hits="1" branch="false" />
            <line number="166" hits="0" branch="false" />
            <line number="170" hits="1" branch="false" />
            <line number="171" hits="1" branch="false" />
            <line number="172" hits="1" branch="false" />
            <line number="173" hits="1" branch="false" />
            <line number="174" hits="1" branch="false" />
            <line number="175" hits="1" branch="false" />
            <line number="176" hits="1" branch="false" />
            <line number="177" hits="1" branch="false" />
            <line number="182" hits="1" branch="false" />
            <line number="183" hits="1" branch="false" />
            <line number="184" hits="1" branch="false" />
            <line number="185" hits="1" branch="false" />
            <line number="186" hits="0" branch="false" />
            <line number="191" hits="1" branch="false" />
            <line number="192" hits="1" branch="false" />
            <line number="193" hits="1" branch="false" />
            <line number="194" hits="1" branch="false" />
            <line number="195" hits="0" branch="false" />
            <line number="199" hits="1" branch="false" />
            <line number="200" hits="1" branch="false" />
            <line number="201" hits="1" branch="false" />
            <line number="202" hits="1" branch="false" />
            <line number="203" hits="1" branch="false" />
            <line number="204" hits="1" branch="false" />
            <line number="205" hits="1" branch="false" />
            <line number="209" hits="1" branch="false" />
            <line number="210" hits="1" branch="false" />
            <line number="211" hits="1" branch="false" />
            <line number="212" hits="1" branch="false" />
            <line number="213" hits="1" branch="false" />
            <line number="214" hits="1" branch="false" />
            <line number="215" hits="1" branch="false" />
            <line number="216" hits="1" branch="false" />
            <line number="217" hits="1" branch="false" />
            <line number="218" hits="1" branch="false" />
            <line number="223" hits="1" branch="false" />
            <line number="224" hits="1" branch="false" />
            <line number="225" hits="1" branch="false" />
            <line number="226" hits="1" branch="false" />
            <line number="227" hits="1" branch="false" />
            <line number="228" hits="1" branch="false" />
            <line number="229" hits="1" branch="false" />
            <line number="230" hits="1" branch="false" />
            <line number="231" hits="1" branch="false" />
            <line number="232" hits="1" branch="false" />
            <line number="233" hits="1" branch="false" />
            <line number="234" hits="0" branch="false" />
            <line number="240" hits="1" branch="false" />
            <line number="241" hits="1" branch="false" />
            <line number="242" hits="1" branch="false" />
            <line number="243" hits="1" branch="false" />
            <line number="244" hits="1" branch="false" />
            <line number="245" hits="1" branch="false" />
            <line number="246" hits="1" branch="false" />
            <line number="247" hits="1" branch="false" />
            <line number="248" hits="1" branch="false" />
            <line number="249" hits="1" branch="false" />
            <line number="253" hits="1" branch="false" />
            <line number="254" hits="1" branch="false" />
            <line number="255" hits="1" branch="false" />
            <line number="256" hits="1" branch="false" />
            <line number="257" hits="1" branch="false" />
            <line number="258" hits="1" branch="false" />
            <line number="259" hits="1" branch="false" />
            <line number="260" hits="1" branch="false" />
            <line number="261" hits="1" branch="false" />
            <line number="262" hits="1" branch="false" />
          </lines>
        </class>
      </classes>
    </package>
  </packages>
</coverage>