TpTrace Information: 0 : 9368, 1, 2020/11/28, 15:00:32.592, 3273141076695, testhost.dll, DefaultEngineInvoker.Invoke: Testhost process started with args :[--port, 55602],[--endpoint, 127.0.0.1:055602],[--role, client],[--parentprocessid, 12916],[--diag, C:\Users\User\Desktop\VVS\Zadaca 2\Domari\Unit Testovi\bin\Debug\fine-code-coverage\_outputfolder\diagnostics.host.20-11-28_15-00-32_45352_4.log],[--tracelevel, 4],[--datacollectionport, 55601],[--telemetryoptedin, false]
TpTrace Information: 0 : 9368, 1, 2020/11/28, 15:00:32.598, 3273141100671, testhost.dll, DefaultEngineInvoker.SetParentProcessExitCallback: Monitoring parent process with id: '12916'
TpTrace Information: 0 : 9368, 1, 2020/11/28, 15:00:32.608, 3273141200570, testhost.dll, DefaultEngineInvoker.GetConnectionInfo: Initialize communication on endpoint address: '127.0.0.1:055602'
TpTrace Information: 0 : 9368, 1, 2020/11/28, 15:00:32.622, 3273141340460, testhost.dll, SocketClient.Start: connecting to server endpoint: 127.0.0.1:055602
TpTrace Information: 0 : 9368, 1, 2020/11/28, 15:00:32.627, 3273141396199, testhost.dll, DefaultEngineInvoker.ConnectToDatacollector: Connecting to datacollector, port: 55601
TpTrace Information: 0 : 9368, 8, 2020/11/28, 15:00:32.629, 3273141414034, testhost.dll, SocketClient.OnServerConnected: connected to server endpoint: 127.0.0.1:055602
TpTrace Information: 0 : 9368, 1, 2020/11/28, 15:00:32.630, 3273141425077, testhost.dll, Trying to connect to server on socket : 127.0.0.1:55601 
TpTrace Verbose: 0 : 9368, 1, 2020/11/28, 15:00:32.631, 3273141430182, testhost.dll, SocketCommunicationManager : SetupClientAsync : Attempting to connect to the server.
TpTrace Verbose: 0 : 9368, 8, 2020/11/28, 15:00:32.631, 3273141430964, testhost.dll, Connected to server, and starting MessageLoopAsync
TpTrace Information: 0 : 9368, 9, 2020/11/28, 15:00:32.633, 3273141448338, testhost.dll, Connected to the server successfully 
TpTrace Information: 0 : 9368, 9, 2020/11/28, 15:00:32.633, 3273141449380, testhost.dll, Using the buffer size of 16384 bytes
TpTrace Information: 0 : 9368, 1, 2020/11/28, 15:00:32.633, 3273141453965, testhost.dll, DefaultEngineInvoker.Invoke: Start Request Processing.
TpTrace Verbose: 0 : 9368, 8, 2020/11/28, 15:00:32.634, 3273141460500, testhost.dll, TcpClientExtensions.MessageLoopAsync: Polling on remoteEndPoint: [::ffff:127.0.0.1]:55602 localEndPoint: [::ffff:127.0.0.1]:55603
TpTrace Information: 0 : 9368, 12, 2020/11/28, 15:00:32.634, 3273141460796, testhost.dll, DefaultEngineInvoker.StartProcessingAsync: Connected to vstest.console, Starting process requests.
TpTrace Verbose: 0 : 9368, 8, 2020/11/28, 15:00:32.634, 3273141463121, testhost.dll, TcpClientExtensions.MessageLoopAsync: NotifyDataAvailable remoteEndPoint: [::ffff:127.0.0.1]:55602 localEndPoint: [::ffff:127.0.0.1]:55603
TpTrace Information: 0 : 9368, 8, 2020/11/28, 15:00:32.759, 3273142707781, testhost.dll, TestRequestHandler.ProcessRequests: received message: (ProtocolVersion) -> 3
TpTrace Verbose: 0 : 9368, 8, 2020/11/28, 15:00:32.788, 3273142998772, testhost.dll, TestRequestHandler.SendData:  sending data from testhost: {"Version":2,"MessageType":"TestSession.Message","Payload":{"MessageLevel":0,"Message":"Logging TestHost Diagnostics in file: C:\\Users\\User\\Desktop\\VVS\\Zadaca 2\\Domari\\Unit Testovi\\bin\\Debug\\fine-code-coverage\\_outputfolder\\diagnostics.host.20-11-28_15-00-32_45352_4.log"}}
TpTrace Verbose: 0 : 9368, 8, 2020/11/28, 15:00:32.788, 3273143000083, testhost.dll, TcpClientExtensions.MessageLoopAsync: Polling on remoteEndPoint: [::ffff:127.0.0.1]:55602 localEndPoint: [::ffff:127.0.0.1]:55603
TpTrace Verbose: 0 : 9368, 8, 2020/11/28, 15:00:32.788, 3273143000508, testhost.dll, TcpClientExtensions.MessageLoopAsync: NotifyDataAvailable remoteEndPoint: [::ffff:127.0.0.1]:55602 localEndPoint: [::ffff:127.0.0.1]:55603
TpTrace Information: 0 : 9368, 8, 2020/11/28, 15:00:32.793, 3273143047231, testhost.dll, TestRequestHandler.ProcessRequests: received message: (TestExecution.Initialize) -> [
  "C:\\Users\\User\\Desktop\\VVS\\Zadaca 2\\Domari\\Unit Testovi\\bin\\Debug\\fine-code-coverage\\Microsoft.VisualStudio.TestPlatform.MSTest.TestAdapter.dll"
]
TpTrace Information: 0 : 9368, 8, 2020/11/28, 15:00:32.793, 3273143049226, testhost.dll, Execution Session Initialize.
TpTrace Verbose: 0 : 9368, 8, 2020/11/28, 15:00:32.800, 3273143120714, testhost.dll, TcpClientExtensions.MessageLoopAsync: Polling on remoteEndPoint: [::ffff:127.0.0.1]:55602 localEndPoint: [::ffff:127.0.0.1]:55603
TpTrace Verbose: 0 : 9368, 8, 2020/11/28, 15:00:32.800, 3273143121642, testhost.dll, TcpClientExtensions.MessageLoopAsync: NotifyDataAvailable remoteEndPoint: [::ffff:127.0.0.1]:55602 localEndPoint: [::ffff:127.0.0.1]:55603
TpTrace Verbose: 0 : 9368, 4, 2020/11/28, 15:00:32.802, 3273143143959, testhost.dll, TestExecutorService: Loading the extensions
TpTrace Information: 0 : 9368, 8, 2020/11/28, 15:00:32.803, 3273143149416, testhost.dll, TestRequestHandler.ProcessRequests: received message: (TestExecution.StartWithSources) -> {
  "AdapterSourceMap": {
    "_none_": [
      "C:\\Users\\User\\Desktop\\VVS\\Zadaca 2\\Domari\\Unit Testovi\\bin\\Debug\\fine-code-coverage\\Unit Testovi.dll"
    ]
  },
  "RunSettings": "<RunSettings>\r\n  <RunConfiguration>\r\n    <ResultsDirectory>C:\\Users\\User\\Desktop\\VVS\\Zadaca 2\\Domari\\Unit Testovi\\bin\\Debug\\fine-code-coverage\\_outputfolder</ResultsDirectory>\r\n    <TargetPlatform>X64</TargetPlatform>\r\n    <TargetFrameworkVersion>.NETCoreApp,Version=v3.1</TargetFrameworkVersion>\r\n    <DesignMode>False</DesignMode>\r\n    <CollectSourceInformation>False</CollectSourceInformation>\r\n  </RunConfiguration>\r\n  <LoggerRunSettings>\r\n    <Loggers>\r\n      <Logger friendlyName=\"blame\" enabled=\"True\" />\r\n      <Logger friendlyName=\"Console\" uri=\"logger://microsoft/TestPlatform/ConsoleLogger/v1\" assemblyQualifiedName=\"Microsoft.VisualStudio.TestPlatform.CommandLine.Internal.ConsoleLogger, vstest.console, Version=15.0.0.0, Culture=neutral, PublicKeyToken=b03f5f7f11d50a3a\" codeBase=\"C:\\Program Files\\dotnet\\sdk\\5.0.100\\vstest.console.dll\" enabled=\"True\" />\r\n    </Loggers>\r\n  </LoggerRunSettings>\r\n  <DataCollectionRunSettings>\r\n    <DataCollectors>\r\n      <DataCollector friendlyName=\"blame\" enabled=\"True\">\r\n        <Configuration>\r\n          <ResultsDirectory>C:\\Users\\User\\Desktop\\VVS\\Zadaca 2\\Domari\\Unit Testovi\\bin\\Debug\\fine-code-coverage\\_outputfolder</ResultsDirectory>\r\n        </Configuration>\r\n      </DataCollector>\r\n    </DataCollectors>\r\n  </DataCollectionRunSettings>\r\n</RunSettings>",
  "TestExecutionContext": {
    "FrequencyOfRunStatsChangeEvent": 10,
    "RunStatsChangeEventTimeout": "00:00:01.5000000",
    "InIsolation": false,
    "KeepAlive": false,
    "AreTestCaseLevelEventsRequired": false,
    "IsDebug": false,
    "TestCaseFilter": null,
    "FilterOptions": null
  },
  "Package": null
}
TpTrace Information: 0 : 9368, 8, 2020/11/28, 15:00:32.803, 3273143150417, testhost.dll, Execution started.
TpTrace Verbose: 0 : 9368, 4, 2020/11/28, 15:00:32.804, 3273143158460, testhost.dll, TestPluginCache.DiscoverTestExtensions: finding test extensions in assemblies endswith: TestAdapter.dll TPluginInfo: Microsoft.VisualStudio.TestPlatform.Common.ExtensionFramework.Utilities.TestExecutorPluginInformation TExtension: Microsoft.VisualStudio.TestPlatform.ObjectModel.Adapter.ITestExecutor
TpTrace Verbose: 0 : 9368, 4, 2020/11/28, 15:00:32.805, 3273143167120, testhost.dll, TestPluginCache.GetExtensionPaths: Filtered extension paths: 
TpTrace Verbose: 0 : 9368, 4, 2020/11/28, 15:00:32.805, 3273143169873, testhost.dll, TestPluginCache.GetExtensionPaths: Added default extension paths: C:\Users\User\Desktop\VVS\Zadaca 2\Domari\Unit Testovi\bin\Debug\fine-code-coverage\Microsoft.VisualStudio.TestPlatform.MSTest.TestAdapter.dll
TpTrace Verbose: 0 : 9368, 4, 2020/11/28, 15:00:32.805, 3273143170294, testhost.dll, TestPluginCache.GetExtensionPaths: Added unfilterableExtensionPaths: 
TpTrace Information: 0 : 9368, 4, 2020/11/28, 15:00:32.807, 3273143192739, testhost.dll, AssemblyResolver.ctor: Creating AssemblyResolver with searchDirectories C:\Users\User\Desktop\VVS\Zadaca 2\Domari\Unit Testovi\bin\Debug\fine-code-coverage
TpTrace Verbose: 0 : 9368, 4, 2020/11/28, 15:00:32.809, 3273143212058, testhost.dll, TestPluginCache.DiscoverTestExtensions: Discovering the extensions using extension path.
TpTrace Verbose: 0 : 9368, 4, 2020/11/28, 15:00:32.809, 3273143213228, testhost.dll, TestPluginCache.GetExtensionPaths: Filtered extension paths: 
TpTrace Verbose: 0 : 9368, 4, 2020/11/28, 15:00:32.809, 3273143213561, testhost.dll, TestPluginCache.GetExtensionPaths: Added default extension paths: C:\Users\User\Desktop\VVS\Zadaca 2\Domari\Unit Testovi\bin\Debug\fine-code-coverage\Microsoft.VisualStudio.TestPlatform.MSTest.TestAdapter.dll
TpTrace Verbose: 0 : 9368, 4, 2020/11/28, 15:00:32.809, 3273143213913, testhost.dll, TestPluginCache.GetExtensionPaths: Added unfilterableExtensionPaths: 
TpTrace Verbose: 0 : 9368, 4, 2020/11/28, 15:00:32.809, 3273143214407, testhost.dll, TestPluginCache.DiscoverTestExtensions: Discovering the extensions using allExtensionPaths: C:\Users\User\Desktop\VVS\Zadaca 2\Domari\Unit Testovi\bin\Debug\fine-code-coverage\Microsoft.VisualStudio.TestPlatform.MSTest.TestAdapter.dll
TpTrace Information: 0 : 9368, 4, 2020/11/28, 15:00:32.810, 3273143223376, testhost.dll, AssemblyResolver.AddSearchDirectories: Adding more searchDirectories C:\Users\User\Desktop\VVS\Zadaca 2\Domari\Unit Testovi\bin\Debug\fine-code-coverage
TpTrace Information: 0 : 9368, 4, 2020/11/28, 15:00:32.814, 3273143265845, testhost.dll, AssemblyResolver.OnResolve: Microsoft.VisualStudio.TestPlatform.MSTest.TestAdapter: Resolving assembly.
TpTrace Information: 0 : 9368, 4, 2020/11/28, 15:00:32.816, 3273143280992, testhost.dll, AssemblyResolver.OnResolve: Resolved assembly: Microsoft.VisualStudio.TestPlatform.MSTest.TestAdapter, from path: C:\Users\User\Desktop\VVS\Zadaca 2\Domari\Unit Testovi\bin\Debug\fine-code-coverage\Microsoft.VisualStudio.TestPlatform.MSTest.TestAdapter.dll
TpTrace Information: 0 : 9368, 4, 2020/11/28, 15:00:32.817, 3273143295418, testhost.dll, AssemblyResolver.OnResolve: Microsoft.VisualStudio.TestPlatform.MSTestAdapter.PlatformServices.Interface: Resolving assembly.
TpTrace Information: 0 : 9368, 4, 2020/11/28, 15:00:32.818, 3273143299826, testhost.dll, AssemblyResolver.OnResolve: Resolved assembly: Microsoft.VisualStudio.TestPlatform.MSTestAdapter.PlatformServices.Interface, from path: C:\Users\User\Desktop\VVS\Zadaca 2\Domari\Unit Testovi\bin\Debug\fine-code-coverage\Microsoft.VisualStudio.TestPlatform.MSTestAdapter.PlatformServices.Interface.dll
TpTrace Information: 0 : 9368, 4, 2020/11/28, 15:00:32.818, 3273143301648, testhost.dll, AssemblyResolver.OnResolve: Microsoft.VisualStudio.TestPlatform.MSTestAdapter.PlatformServices: Resolving assembly.
TpTrace Information: 0 : 9368, 4, 2020/11/28, 15:00:32.818, 3273143306059, testhost.dll, AssemblyResolver.OnResolve: Resolved assembly: Microsoft.VisualStudio.TestPlatform.MSTestAdapter.PlatformServices, from path: C:\Users\User\Desktop\VVS\Zadaca 2\Domari\Unit Testovi\bin\Debug\fine-code-coverage\Microsoft.VisualStudio.TestPlatform.MSTestAdapter.PlatformServices.dll
TpTrace Verbose: 0 : 9368, 4, 2020/11/28, 15:00:32.822, 3273143346479, testhost.dll, TestPluginCache: Discovered the extensions using extension path ''.
TpTrace Verbose: 0 : 9368, 4, 2020/11/28, 15:00:32.823, 3273143353404, testhost.dll, TestPluginCache: Discoverers are ''.
TpTrace Verbose: 0 : 9368, 4, 2020/11/28, 15:00:32.823, 3273143354548, testhost.dll, TestPluginCache: Executors are 'executor://MSTestAdapter/v2'.
TpTrace Verbose: 0 : 9368, 4, 2020/11/28, 15:00:32.823, 3273143355575, testhost.dll, TestPluginCache: Setting providers are ''.
TpTrace Verbose: 0 : 9368, 4, 2020/11/28, 15:00:32.823, 3273143356579, testhost.dll, TestPluginCache: Loggers are ''.
TpTrace Verbose: 0 : 9368, 8, 2020/11/28, 15:00:32.826, 3273143385747, testhost.dll, TcpClientExtensions.MessageLoopAsync: Polling on remoteEndPoint: [::ffff:127.0.0.1]:55602 localEndPoint: [::ffff:127.0.0.1]:55603
TpTrace Information: 0 : 9368, 4, 2020/11/28, 15:00:32.829, 3273143414513, testhost.dll, TestPluginManager.CreateTestExtension: Attempting to load test extension: Microsoft.VisualStudio.TestPlatform.MSTest.TestAdapter.MSTestExecutor
TpTrace Verbose: 0 : 9368, 4, 2020/11/28, 15:00:32.833, 3273143449351, testhost.dll, TestExecutorExtensionManager: Loading executor Microsoft.VisualStudio.TestPlatform.MSTest.TestAdapter.MSTestExecutor
TpTrace Verbose: 0 : 9368, 4, 2020/11/28, 15:00:32.833, 3273143450236, testhost.dll, TestExecutorService: Loaded the executors
TpTrace Verbose: 0 : 9368, 4, 2020/11/28, 15:00:32.834, 3273143458002, testhost.dll, TestPluginCache.DiscoverTestExtensions: finding test extensions in assemblies endswith: TestAdapter.dll TPluginInfo: Microsoft.VisualStudio.TestPlatform.Common.ExtensionFramework.Utilities.TestSettingsProviderPluginInformation TExtension: Microsoft.VisualStudio.TestPlatform.ObjectModel.Adapter.ISettingsProvider
TpTrace Verbose: 0 : 9368, 4, 2020/11/28, 15:00:32.834, 3273143460374, testhost.dll, TestPluginCache.GetExtensionPaths: Filtered extension paths: 
TpTrace Verbose: 0 : 9368, 4, 2020/11/28, 15:00:32.834, 3273143460755, testhost.dll, TestPluginCache.GetExtensionPaths: Added default extension paths: C:\Users\User\Desktop\VVS\Zadaca 2\Domari\Unit Testovi\bin\Debug\fine-code-coverage\Microsoft.VisualStudio.TestPlatform.MSTest.TestAdapter.dll
TpTrace Verbose: 0 : 9368, 4, 2020/11/28, 15:00:32.834, 3273143461111, testhost.dll, TestPluginCache.GetExtensionPaths: Added unfilterableExtensionPaths: 
TpTrace Information: 0 : 9368, 4, 2020/11/28, 15:00:32.834, 3273143462799, testhost.dll, AssemblyResolver.AddSearchDirectories: Adding more searchDirectories C:\Users\User\Desktop\VVS\Zadaca 2\Domari\Unit Testovi\bin\Debug\fine-code-coverage
TpTrace Verbose: 0 : 9368, 4, 2020/11/28, 15:00:32.834, 3273143463235, testhost.dll, TestPluginCache.DiscoverTestExtensions: Discovering the extensions using extension path.
TpTrace Verbose: 0 : 9368, 4, 2020/11/28, 15:00:32.834, 3273143463509, testhost.dll, TestPluginCache.GetExtensionPaths: Filtered extension paths: 
TpTrace Verbose: 0 : 9368, 4, 2020/11/28, 15:00:32.834, 3273143463744, testhost.dll, TestPluginCache.GetExtensionPaths: Added default extension paths: C:\Users\User\Desktop\VVS\Zadaca 2\Domari\Unit Testovi\bin\Debug\fine-code-coverage\Microsoft.VisualStudio.TestPlatform.MSTest.TestAdapter.dll
TpTrace Verbose: 0 : 9368, 4, 2020/11/28, 15:00:32.834, 3273143464104, testhost.dll, TestPluginCache.GetExtensionPaths: Added unfilterableExtensionPaths: 
TpTrace Verbose: 0 : 9368, 4, 2020/11/28, 15:00:32.834, 3273143464364, testhost.dll, TestPluginCache.DiscoverTestExtensions: Discovering the extensions using allExtensionPaths: C:\Users\User\Desktop\VVS\Zadaca 2\Domari\Unit Testovi\bin\Debug\fine-code-coverage\Microsoft.VisualStudio.TestPlatform.MSTest.TestAdapter.dll
TpTrace Information: 0 : 9368, 4, 2020/11/28, 15:00:32.834, 3273143464785, testhost.dll, AssemblyResolver.AddSearchDirectories: Adding more searchDirectories C:\Users\User\Desktop\VVS\Zadaca 2\Domari\Unit Testovi\bin\Debug\fine-code-coverage
TpTrace Verbose: 0 : 9368, 4, 2020/11/28, 15:00:32.835, 3273143466990, testhost.dll, TestPluginCache: Discovered the extensions using extension path ''.
TpTrace Verbose: 0 : 9368, 4, 2020/11/28, 15:00:32.835, 3273143467303, testhost.dll, TestPluginCache: Discoverers are ''.
TpTrace Verbose: 0 : 9368, 4, 2020/11/28, 15:00:32.835, 3273143467741, testhost.dll, TestPluginCache: Executors are 'executor://MSTestAdapter/v2'.
TpTrace Verbose: 0 : 9368, 4, 2020/11/28, 15:00:32.835, 3273143468234, testhost.dll, TestPluginCache: Setting providers are ''.
TpTrace Verbose: 0 : 9368, 4, 2020/11/28, 15:00:32.835, 3273143468496, testhost.dll, TestPluginCache: Loggers are ''.
TpTrace Verbose: 0 : 9368, 4, 2020/11/28, 15:00:32.835, 3273143475879, testhost.dll, TestExecutorService: Loaded the settings providers
TpTrace Information: 0 : 9368, 4, 2020/11/28, 15:00:32.835, 3273143476262, testhost.dll, TestExecutorService: Loaded the extensions
TpTrace Information: 0 : 9368, 4, 2020/11/28, 15:00:32.906, 3273144179258, testhost.dll, TestDiscoveryManager: Discovering tests from sources C:\Users\User\Desktop\VVS\Zadaca 2\Domari\Unit Testovi\bin\Debug\fine-code-coverage\Unit Testovi.dll
TpTrace Verbose: 0 : 9368, 4, 2020/11/28, 15:00:32.908, 3273144204178, testhost.dll, TestPluginCache.DiscoverTestExtensions: finding test extensions in assemblies endswith: TestAdapter.dll TPluginInfo: Microsoft.VisualStudio.TestPlatform.Common.ExtensionFramework.Utilities.TestDiscovererPluginInformation TExtension: Microsoft.VisualStudio.TestPlatform.ObjectModel.Adapter.ITestDiscoverer
TpTrace Verbose: 0 : 9368, 4, 2020/11/28, 15:00:32.908, 3273144205594, testhost.dll, TestPluginCache.GetExtensionPaths: Filtered extension paths: 
TpTrace Verbose: 0 : 9368, 4, 2020/11/28, 15:00:32.908, 3273144205937, testhost.dll, TestPluginCache.GetExtensionPaths: Added default extension paths: C:\Users\User\Desktop\VVS\Zadaca 2\Domari\Unit Testovi\bin\Debug\fine-code-coverage\Microsoft.VisualStudio.TestPlatform.MSTest.TestAdapter.dll
TpTrace Verbose: 0 : 9368, 4, 2020/11/28, 15:00:32.908, 3273144206186, testhost.dll, TestPluginCache.GetExtensionPaths: Added unfilterableExtensionPaths: 
TpTrace Information: 0 : 9368, 4, 2020/11/28, 15:00:32.909, 3273144207344, testhost.dll, AssemblyResolver.AddSearchDirectories: Adding more searchDirectories C:\Users\User\Desktop\VVS\Zadaca 2\Domari\Unit Testovi\bin\Debug\fine-code-coverage
TpTrace Verbose: 0 : 9368, 4, 2020/11/28, 15:00:32.909, 3273144207691, testhost.dll, TestPluginCache.DiscoverTestExtensions: Discovering the extensions using extension path.
TpTrace Verbose: 0 : 9368, 4, 2020/11/28, 15:00:32.909, 3273144207953, testhost.dll, TestPluginCache.GetExtensionPaths: Filtered extension paths: 
TpTrace Verbose: 0 : 9368, 4, 2020/11/28, 15:00:32.909, 3273144208240, testhost.dll, TestPluginCache.GetExtensionPaths: Added default extension paths: C:\Users\User\Desktop\VVS\Zadaca 2\Domari\Unit Testovi\bin\Debug\fine-code-coverage\Microsoft.VisualStudio.TestPlatform.MSTest.TestAdapter.dll
TpTrace Verbose: 0 : 9368, 4, 2020/11/28, 15:00:32.909, 3273144208475, testhost.dll, TestPluginCache.GetExtensionPaths: Added unfilterableExtensionPaths: 
TpTrace Verbose: 0 : 9368, 4, 2020/11/28, 15:00:32.909, 3273144208729, testhost.dll, TestPluginCache.DiscoverTestExtensions: Discovering the extensions using allExtensionPaths: C:\Users\User\Desktop\VVS\Zadaca 2\Domari\Unit Testovi\bin\Debug\fine-code-coverage\Microsoft.VisualStudio.TestPlatform.MSTest.TestAdapter.dll
TpTrace Information: 0 : 9368, 4, 2020/11/28, 15:00:32.909, 3273144209111, testhost.dll, AssemblyResolver.AddSearchDirectories: Adding more searchDirectories C:\Users\User\Desktop\VVS\Zadaca 2\Domari\Unit Testovi\bin\Debug\fine-code-coverage
TpTrace Verbose: 0 : 9368, 4, 2020/11/28, 15:00:32.911, 3273144229229, testhost.dll, TestPluginCache: Discovered the extensions using extension path ''.
TpTrace Verbose: 0 : 9368, 4, 2020/11/28, 15:00:32.911, 3273144230364, testhost.dll, TestPluginCache: Discoverers are 'Microsoft.VisualStudio.TestPlatform.MSTest.TestAdapter.MSTestDiscoverer, Microsoft.VisualStudio.TestPlatform.MSTest.TestAdapter, Version=14.0.0.0, Culture=neutral, PublicKeyToken=b03f5f7f11d50a3a'.
TpTrace Verbose: 0 : 9368, 4, 2020/11/28, 15:00:32.911, 3273144231228, testhost.dll, TestPluginCache: Executors are 'executor://MSTestAdapter/v2'.
TpTrace Verbose: 0 : 9368, 4, 2020/11/28, 15:00:32.911, 3273144231551, testhost.dll, TestPluginCache: Setting providers are ''.
TpTrace Verbose: 0 : 9368, 4, 2020/11/28, 15:00:32.911, 3273144231788, testhost.dll, TestPluginCache: Loggers are ''.
TpTrace Verbose: 0 : 9368, 4, 2020/11/28, 15:00:32.916, 3273144277832, testhost.dll, BaseRunTests.RunTestInternalWithExecutors: Running tests for executor://MSTestAdapter/v2
TpTrace Information: 0 : 9368, 4, 2020/11/28, 15:00:32.959, 3273144708103, testhost.dll, AssemblyResolver.OnResolve: Microsoft.VisualStudio.TestPlatform.MSTestAdapter.PlatformServices.resources: Resolving assembly.
TpTrace Information: 0 : 9368, 4, 2020/11/28, 15:00:32.959, 3273144710589, testhost.dll, AssemblyResolver.OnResolve: Microsoft.VisualStudio.TestPlatform.MSTestAdapter.PlatformServices.resources: Failed to load assembly.
TpTrace Information: 0 : 9368, 4, 2020/11/28, 15:00:32.959, 3273144713345, testhost.dll, AssemblyResolver.OnResolve: Microsoft.VisualStudio.TestPlatform.MSTestAdapter.PlatformServices.resources: Resolving assembly.
TpTrace Information: 0 : 9368, 4, 2020/11/28, 15:00:32.959, 3273144714175, testhost.dll, AssemblyResolver.OnResolve: Microsoft.VisualStudio.TestPlatform.MSTestAdapter.PlatformServices.resources: Resolved from cache.
TpTrace Verbose: 0 : 9368, 4, 2020/11/28, 15:00:32.972, 3273144845598, testhost.dll, TestExecutionRecorder.RecordStart: Starting test: Unit_Testovi.NoviTestovi.TestZamjenskiObjekat.
TpTrace Information: 0 : 9368, 4, 2020/11/28, 15:00:33.072, 3273145840527, testhost.dll, AssemblyResolver.OnResolve: Microsoft.VisualStudio.TestPlatform.MSTest.TestAdapter.resources: Resolving assembly.
TpTrace Information: 0 : 9368, 4, 2020/11/28, 15:00:33.072, 3273145842197, testhost.dll, AssemblyResolver.OnResolve: Microsoft.VisualStudio.TestPlatform.MSTest.TestAdapter.resources: Failed to load assembly.
TpTrace Verbose: 0 : 9368, 4, 2020/11/28, 15:00:33.099, 3273146112591, testhost.dll, TestExecutionRecorder.RecordEnd: test: Unit_Testovi.NoviTestovi.TestZamjenskiObjekat execution completed.
TpTrace Verbose: 0 : 9368, 4, 2020/11/28, 15:00:33.113, 3273146248450, testhost.dll, TestExecutionRecorder.RecordResult: Received result for test: Unit_Testovi.NoviTestovi.TestZamjenskiObjekat.
TpTrace Warning: 0 : 9368, 4, 2020/11/28, 15:00:33.116, 3273146282152, testhost.dll, InProgressTests is null
TpTrace Warning: 0 : 9368, 4, 2020/11/28, 15:00:33.118, 3273146300392, testhost.dll, TestRunCache: No test found corresponding to testResult 'TestZamjenskiObjekat  Failed
  Message: Test method Unit_Testovi.NoviTestovi.TestZamjenskiObjekat threw exception: 
System.NotImplementedException: The method or operation is not implemented.
  StackTrace:
    at Domari.Paviljon.DajImePaviljona() in C:\Users\User\Desktop\VVS\Zadaca 2\Domari\Domari\Paviljon.cs:line 15
   at Domari.StudentskiDom.DajStudenteIzPaviljona(IPodaci paviljon) in C:\Users\User\Desktop\VVS\Zadaca 2\Domari\Domari\StudentskiDom.cs:line 127
   at Unit_Testovi.NoviTestovi.TestZamjenskiObjekat() in C:\Users\User\Desktop\VVS\Zadaca 2\Domari\Unit Testovi\NoviTestovi.cs:line 26
' in inProgress list.
TpTrace Verbose: 0 : 9368, 4, 2020/11/28, 15:00:33.118, 3273146301533, testhost.dll, TestExecutionRecorder.RecordStart: Starting test: Unit_Testovi.NoviTestovi.TestPrviCiklusStudija.
TpTrace Verbose: 0 : 9368, 4, 2020/11/28, 15:00:33.120, 3273146321316, testhost.dll, TestExecutionRecorder.RecordEnd: test: Unit_Testovi.NoviTestovi.TestPrviCiklusStudija execution completed.
TpTrace Verbose: 0 : 9368, 4, 2020/11/28, 15:00:33.121, 3273146335332, testhost.dll, TestExecutionRecorder.RecordResult: Received result for test: Unit_Testovi.NoviTestovi.TestPrviCiklusStudija.
TpTrace Warning: 0 : 9368, 4, 2020/11/28, 15:00:33.121, 3273146336557, testhost.dll, InProgressTests is null
TpTrace Warning: 0 : 9368, 4, 2020/11/28, 15:00:33.122, 3273146337015, testhost.dll, TestRunCache: No test found corresponding to testResult 'TestPrviCiklusStudija  Failed
  Message: Test method Unit_Testovi.NoviTestovi.TestPrviCiklusStudija threw exception: 
System.NotImplementedException: The method or operation is not implemented.
  StackTrace:
    at Domari.Skolovanje.PromjenaGodineStudija(Int32 godina, Int32 ciklus) in C:\Users\User\Desktop\VVS\Zadaca 2\Domari\Domari\Skolovanje.cs:line 57
   at Unit_Testovi.NoviTestovi.TestPrviCiklusStudija() in C:\Users\User\Desktop\VVS\Zadaca 2\Domari\Unit Testovi\NoviTestovi.cs:line 40
' in inProgress list.
TpTrace Verbose: 0 : 9368, 4, 2020/11/28, 15:00:33.122, 3273146338114, testhost.dll, TestExecutionRecorder.RecordStart: Starting test: Unit_Testovi.NoviTestovi.TestDrugiCiklusStudija.
TpTrace Verbose: 0 : 9368, 4, 2020/11/28, 15:00:33.124, 3273146356984, testhost.dll, TestExecutionRecorder.RecordEnd: test: Unit_Testovi.NoviTestovi.TestDrugiCiklusStudija execution completed.
TpTrace Verbose: 0 : 9368, 4, 2020/11/28, 15:00:33.125, 3273146368809, testhost.dll, TestExecutionRecorder.RecordResult: Received result for test: Unit_Testovi.NoviTestovi.TestDrugiCiklusStudija.
TpTrace Warning: 0 : 9368, 4, 2020/11/28, 15:00:33.125, 3273146369993, testhost.dll, InProgressTests is null
TpTrace Warning: 0 : 9368, 4, 2020/11/28, 15:00:33.125, 3273146370410, testhost.dll, TestRunCache: No test found corresponding to testResult 'TestDrugiCiklusStudija  Failed
  Message: Test method Unit_Testovi.NoviTestovi.TestDrugiCiklusStudija threw exception: 
System.NotImplementedException: The method or operation is not implemented.
  StackTrace:
    at Domari.Skolovanje.PromjenaGodineStudija(Int32 godina, Int32 ciklus) in C:\Users\User\Desktop\VVS\Zadaca 2\Domari\Domari\Skolovanje.cs:line 57
   at Unit_Testovi.NoviTestovi.TestDrugiCiklusStudija() in C:\Users\User\Desktop\VVS\Zadaca 2\Domari\Unit Testovi\NoviTestovi.cs:line 50
' in inProgress list.
TpTrace Verbose: 0 : 9368, 4, 2020/11/28, 15:00:33.125, 3273146370868, testhost.dll, TestExecutionRecorder.RecordStart: Starting test: Unit_Testovi.NoviTestovi.TestNeispravniPodaci.
TpTrace Information: 0 : 9368, 4, 2020/11/28, 15:00:33.128, 3273146401809, testhost.dll, AssemblyResolver.OnResolve: Microsoft.VisualStudio.TestPlatform.TestFramework.resources: Resolving assembly.
TpTrace Information: 0 : 9368, 4, 2020/11/28, 15:00:33.128, 3273146403270, testhost.dll, AssemblyResolver.OnResolve: Microsoft.VisualStudio.TestPlatform.TestFramework.resources: Failed to load assembly.
TpTrace Verbose: 0 : 9368, 4, 2020/11/28, 15:00:33.129, 3273146411679, testhost.dll, TestExecutionRecorder.RecordEnd: test: Unit_Testovi.NoviTestovi.TestNeispravniPodaci execution completed.
TpTrace Verbose: 0 : 9368, 4, 2020/11/28, 15:00:33.132, 3273146444025, testhost.dll, TestExecutionRecorder.RecordResult: Received result for test: Unit_Testovi.NoviTestovi.TestNeispravniPodaci.
TpTrace Warning: 0 : 9368, 4, 2020/11/28, 15:00:33.132, 3273146445069, testhost.dll, InProgressTests is null
TpTrace Warning: 0 : 9368, 4, 2020/11/28, 15:00:33.132, 3273146445476, testhost.dll, TestRunCache: No test found corresponding to testResult 'TestNeispravniPodaci  Failed
  Message: Test method threw exception System.NotImplementedException, but exception System.ArgumentException was expected. Exception message: System.NotImplementedException: The method or operation is not implemented.
  StackTrace:
   at Domari.Skolovanje.PromjenaGodineStudija(Int32 godina, Int32 ciklus) in C:\Users\User\Desktop\VVS\Zadaca 2\Domari\Domari\Skolovanje.cs:line 57
   at Unit_Testovi.NoviTestovi.TestNeispravniPodaci() in C:\Users\User\Desktop\VVS\Zadaca 2\Domari\Unit Testovi\NoviTestovi.cs:line 61
' in inProgress list.
TpTrace Verbose: 0 : 9368, 4, 2020/11/28, 15:00:33.134, 3273146463243, testhost.dll, BaseRunTests.RunTestInternalWithExecutors: Completed running tests for executor://MSTestAdapter/v2
TpTrace Information: 0 : 9368, 4, 2020/11/28, 15:00:33.138, 3273146501515, testhost.dll, Sending test run complete
TpTrace Verbose: 0 : 9368, 4, 2020/11/28, 15:00:33.176, 3273146883934, testhost.dll, TestRequestHandler.SendData:  sending data from testhost: {"Version":2,"MessageType":"TestExecution.Completed","Payload":{"TestRunCompleteArgs":{"TestRunStatistics":{"ExecutedTests":4,"Stats":{"Failed":4}},"IsCanceled":false,"IsAborted":false,"Error":null,"AttachmentSets":[],"ElapsedTimeInRunningTests":"00:00:00.2214621","Metrics":{}},"LastRunTests":{"NewTestResults":[{"TestCase":{"Id":"aef9dec6-1181-fac1-2596-b31421e8da47","FullyQualifiedName":"Unit_Testovi.NoviTestovi.TestZamjenskiObjekat","DisplayName":"TestZamjenskiObjekat","ExecutorUri":"executor://MSTestAdapter/v2","Source":"C:\\Users\\User\\Desktop\\VVS\\Zadaca 2\\Domari\\Unit Testovi\\bin\\Debug\\fine-code-coverage\\Unit Testovi.dll","CodeFilePath":null,"LineNumber":-1,"Properties":[{"Key":{"Id":"MSTestDiscoverer.TestClassName","Label":"ClassName","Category":"","Description":"","Attributes":1,"ValueType":"System.String"},"Value":"Unit_Testovi.NoviTestovi"},{"Key":{"Id":"TestObject.Traits","Label":"Traits","Category":"","Description":"","Attributes":5,"ValueType":"System.Collections.Generic.KeyValuePair`2[[System.String],[System.String]][]"},"Value":[]}]},"Attachments":[],"Outcome":2,"ErrorMessage":"Test method Unit_Testovi.NoviTestovi.TestZamjenskiObjekat threw exception: \r\nSystem.NotImplementedException: The method or operation is not implemented.","ErrorStackTrace":"    at Domari.Paviljon.DajImePaviljona() in C:\\Users\\User\\Desktop\\VVS\\Zadaca 2\\Domari\\Domari\\Paviljon.cs:line 15\r\n   at Domari.StudentskiDom.DajStudenteIzPaviljona(IPodaci paviljon) in C:\\Users\\User\\Desktop\\VVS\\Zadaca 2\\Domari\\Domari\\StudentskiDom.cs:line 127\r\n   at Unit_Testovi.NoviTestovi.TestZamjenskiObjekat() in C:\\Users\\User\\Desktop\\VVS\\Zadaca 2\\Domari\\Unit Testovi\\NoviTestovi.cs:line 26\r\n","DisplayName":null,"Messages":[],"ComputerName":null,"Duration":"00:00:00.0293620","StartTime":"2020-11-28T15:00:33.0385606+01:00","EndTime":"2020-11-28T15:00:33.0961166+01:00","Properties":[{"Key":{"Id":"ExecutionId","Label":"ExecutionId","Category":"","Description":"","Attributes":1,"ValueType":"System.Guid"},"Value":"00000000-0000-0000-0000-000000000000"},{"Key":{"Id":"ParentExecId","Label":"ParentExecId","Category":"","Description":"","Attributes":1,"ValueType":"System.Guid"},"Value":"00000000-0000-0000-0000-000000000000"},{"Key":{"Id":"InnerResultsCount","Label":"InnerResultsCount","Category":"","Description":"","Attributes":1,"ValueType":"System.Int32"},"Value":0}]},{"TestCase":{"Id":"2f2f06a6-50e6-8018-20a0-425ea752775b","FullyQualifiedName":"Unit_Testovi.NoviTestovi.TestPrviCiklusStudija","DisplayName":"TestPrviCiklusStudija","ExecutorUri":"executor://MSTestAdapter/v2","Source":"C:\\Users\\User\\Desktop\\VVS\\Zadaca 2\\Domari\\Unit Testovi\\bin\\Debug\\fine-code-coverage\\Unit Testovi.dll","CodeFilePath":null,"LineNumber":-1,"Properties":[{"Key":{"Id":"MSTestDiscoverer.TestClassName","Label":"ClassName","Category":"","Description":"","Attributes":1,"ValueType":"System.String"},"Value":"Unit_Testovi.NoviTestovi"},{"Key":{"Id":"TestObject.Traits","Label":"Traits","Category":"","Description":"","Attributes":5,"ValueType":"System.Collections.Generic.KeyValuePair`2[[System.String],[System.String]][]"},"Value":[]}]},"Attachments":[],"Outcome":2,"ErrorMessage":"Test method Unit_Testovi.NoviTestovi.TestPrviCiklusStudija threw exception: \r\nSystem.NotImplementedException: The method or operation is not implemented.","ErrorStackTrace":"    at Domari.Skolovanje.PromjenaGodineStudija(Int32 godina, Int32 ciklus) in C:\\Users\\User\\Desktop\\VVS\\Zadaca 2\\Domari\\Domari\\Skolovanje.cs:line 57\r\n   at Unit_Testovi.NoviTestovi.TestPrviCiklusStudija() in C:\\Users\\User\\Desktop\\VVS\\Zadaca 2\\Domari\\Unit Testovi\\NoviTestovi.cs:line 40\r\n","DisplayName":null,"Messages":[],"ComputerName":null,"Duration":"00:00:00.0006413","StartTime":"2020-11-28T15:00:33.1195685+01:00","EndTime":"2020-11-28T15:00:33.1204197+01:00","Properties":[{"Key":{"Id":"ExecutionId","Label":"ExecutionId","Category":"","Description":"","Attributes":1,"ValueType":"System.Guid"},"Value":"00000000-0000-0000-0000-000000000000"},{"Key":{"Id":"ParentExecId","Label":"ParentExecId","Category":"","Description":"","Attributes":1,"ValueType":"System.Guid"},"Value":"00000000-0000-0000-0000-000000000000"},{"Key":{"Id":"InnerResultsCount","Label":"InnerResultsCount","Category":"","Description":"","Attributes":1,"ValueType":"System.Int32"},"Value":0}]},{"TestCase":{"Id":"b270e6d2-dbfa-089d-f28f-2b8681ca917a","FullyQualifiedName":"Unit_Testovi.NoviTestovi.TestDrugiCiklusStudija","DisplayName":"TestDrugiCiklusStudija","ExecutorUri":"executor://MSTestAdapter/v2","Source":"C:\\Users\\User\\Desktop\\VVS\\Zadaca 2\\Domari\\Unit Testovi\\bin\\Debug\\fine-code-coverage\\Unit Testovi.dll","CodeFilePath":null,"LineNumber":-1,"Properties":[{"Key":{"Id":"MSTestDiscoverer.TestClassName","Label":"ClassName","Category":"","Description":"","Attributes":1,"ValueType":"System.String"},"Value":"Unit_Testovi.NoviTestovi"},{"Key":{"Id":"TestObject.Traits","Label":"Traits","Category":"","Description":"","Attributes":5,"ValueType":"System.Collections.Generic.KeyValuePair`2[[System.String],[System.String]][]"},"Value":[]}]},"Attachments":[],"Outcome":2,"ErrorMessage":"Test method Unit_Testovi.NoviTestovi.TestDrugiCiklusStudija threw exception: \r\nSystem.NotImplementedException: The method or operation is not implemented.","ErrorStackTrace":"    at Domari.Skolovanje.PromjenaGodineStudija(Int32 godina, Int32 ciklus) in C:\\Users\\User\\Desktop\\VVS\\Zadaca 2\\Domari\\Domari\\Skolovanje.cs:line 57\r\n   at Unit_Testovi.NoviTestovi.TestDrugiCiklusStudija() in C:\\Users\\User\\Desktop\\VVS\\Zadaca 2\\Domari\\Unit Testovi\\NoviTestovi.cs:line 50\r\n","DisplayName":null,"Messages":[],"ComputerName":null,"Duration":"00:00:00.0007126","StartTime":"2020-11-28T15:00:33.123115+01:00","EndTime":"2020-11-28T15:00:33.123988+01:00","Properties":[{"Key":{"Id":"ExecutionId","Label":"ExecutionId","Category":"","Description":"","Attributes":1,"ValueType":"System.Guid"},"Value":"00000000-0000-0000-0000-000000000000"},{"Key":{"Id":"ParentExecId","Label":"ParentExecId","Category":"","Description":"","Attributes":1,"ValueType":"System.Guid"},"Value":"00000000-0000-0000-0000-000000000000"},{"Key":{"Id":"InnerResultsCount","Label":"InnerResultsCount","Category":"","Description":"","Attributes":1,"ValueType":"System.Int32"},"Value":0}]},{"TestCase":{"Id":"2bfec0bd-4dc6-0edd-c337-37aec24c6f3e","FullyQualifiedName":"Unit_Testovi.NoviTestovi.TestNeispravniPodaci","DisplayName":"TestNeispravniPodaci","ExecutorUri":"executor://MSTestAdapter/v2","Source":"C:\\Users\\User\\Desktop\\VVS\\Zadaca 2\\Domari\\Unit Testovi\\bin\\Debug\\fine-code-coverage\\Unit Testovi.dll","CodeFilePath":null,"LineNumber":-1,"Properties":[{"Key":{"Id":"MSTestDiscoverer.TestClassName","Label":"ClassName","Category":"","Description":"","Attributes":1,"ValueType":"System.String"},"Value":"Unit_Testovi.NoviTestovi"},{"Key":{"Id":"TestObject.Traits","Label":"Traits","Category":"","Description":"","Attributes":5,"ValueType":"System.Collections.Generic.KeyValuePair`2[[System.String],[System.String]][]"},"Value":[]}]},"Attachments":[],"Outcome":2,"ErrorMessage":"Test method threw exception System.NotImplementedException, but exception System.ArgumentException was expected. Exception message: System.NotImplementedException: The method or operation is not implemented.","ErrorStackTrace":"   at Domari.Skolovanje.PromjenaGodineStudija(Int32 godina, Int32 ciklus) in C:\\Users\\User\\Desktop\\VVS\\Zadaca 2\\Domari\\Domari\\Skolovanje.cs:line 57\r\n   at Unit_Testovi.NoviTestovi.TestNeispravniPodaci() in C:\\Users\\User\\Desktop\\VVS\\Zadaca 2\\Domari\\Unit Testovi\\NoviTestovi.cs:line 61\r\n","DisplayName":null,"Messages":[],"ComputerName":null,"Duration":"00:00:00.0021698","StartTime":"2020-11-28T15:00:33.1270506+01:00","EndTime":"2020-11-28T15:00:33.1294619+01:00","Properties":[{"Key":{"Id":"ExecutionId","Label":"ExecutionId","Category":"","Description":"","Attributes":1,"ValueType":"System.Guid"},"Value":"00000000-0000-0000-0000-000000000000"},{"Key":{"Id":"ParentExecId","Label":"ParentExecId","Category":"","Description":"","Attributes":1,"ValueType":"System.Guid"},"Value":"00000000-0000-0000-0000-000000000000"},{"Key":{"Id":"InnerResultsCount","Label":"InnerResultsCount","Category":"","Description":"","Attributes":1,"ValueType":"System.Int32"},"Value":0}]}],"TestRunStatistics":{"ExecutedTests":4,"Stats":{"Failed":4}},"ActiveTests":[]},"RunAttachments":[],"ExecutorUris":["executor://mstestadapter/v2"]}}
TpTrace Verbose: 0 : 9368, 4, 2020/11/28, 15:00:33.177, 3273146888641, testhost.dll, BaseRunTests.RunTests: Run is complete.
TpTrace Verbose: 0 : 9368, 8, 2020/11/28, 15:00:33.178, 3273146898893, testhost.dll, TcpClientExtensions.MessageLoopAsync: NotifyDataAvailable remoteEndPoint: [::ffff:127.0.0.1]:55602 localEndPoint: [::ffff:127.0.0.1]:55603
TpTrace Information: 0 : 9368, 8, 2020/11/28, 15:00:33.178, 3273146900224, testhost.dll, TestRequestHandler.ProcessRequests: received message: (TestSession.Terminate) -> null
TpTrace Information: 0 : 9368, 8, 2020/11/28, 15:00:33.178, 3273146901005, testhost.dll, Session End message received from server. Closing the connection.
TpTrace Information: 0 : 9368, 8, 2020/11/28, 15:00:33.178, 3273146904438, testhost.dll, SocketClient.Stop: Stop communication from server endpoint: 127.0.0.1:055602
TpTrace Information: 0 : 9368, 8, 2020/11/28, 15:00:33.178, 3273146904829, testhost.dll, SocketClient: Stop: Cancellation requested. Stopping message loop.
TpTrace Verbose: 0 : 9368, 8, 2020/11/28, 15:00:33.178, 3273146906689, testhost.dll, LengthPrefixCommunicationChannel.Dispose: Dispose reader and writer.
TpTrace Information: 0 : 9368, 8, 2020/11/28, 15:00:33.179, 3273146907149, testhost.dll, Closing the connection !
TpTrace Information: 0 : 9368, 8, 2020/11/28, 15:00:33.179, 3273146908929, testhost.dll, SocketClient.PrivateStop: Stop communication from server endpoint: 127.0.0.1:055602, error:
TpTrace Information: 0 : 9368, 1, 2020/11/28, 15:00:33.179, 3273146909648, testhost.dll, Closing the connection !
TpTrace Verbose: 0 : 9368, 8, 2020/11/28, 15:00:33.179, 3273146909775, testhost.dll, LengthPrefixCommunicationChannel.Dispose: Dispose reader and writer.
TpTrace Information: 0 : 9368, 1, 2020/11/28, 15:00:33.179, 3273146910173, testhost.dll, SocketClient.Stop: Stop communication from server endpoint: 127.0.0.1:055602
TpTrace Verbose: 0 : 9368, 8, 2020/11/28, 15:00:33.179, 3273146910554, testhost.dll, TcpClientExtensions.MessageLoopAsync: exiting MessageLoopAsync remoteEndPoint: [::ffff:127.0.0.1]:55602 localEndPoint: [::ffff:127.0.0.1]:55603
TpTrace Verbose: 0 : 9368, 1, 2020/11/28, 15:00:33.179, 3273146910776, testhost.dll, LengthPrefixCommunicationChannel.Dispose: Dispose reader and writer.
TpTrace Information: 0 : 9368, 1, 2020/11/28, 15:00:33.179, 3273146911953, testhost.dll, Testhost process exiting.
